
%NQSII(INFO): ------- Output from job:0000 -------
       1.567s Metos3DInitWithFilePath                           filePath: option/newton.NPZ-DOP.option              
  0 SNES Function norm 1.682323150019e+02 
    Residual norms for Metos3DNewton_ solve.
    0 KSP Residual norm 1.682323150019e+02 
    1 KSP Residual norm 1.374490281930e+02 
    2 KSP Residual norm 4.600207782954e+01 
KSP Object:(Metos3DNewton_) 64 MPI processes
  type: gmres
    GMRES: restart=30, using Classical (unmodified) Gram-Schmidt Orthogonalization with no iterative refinement
    GMRES: happy breakdown tolerance 1e-30
  maximum iterations=10000, initial guess is zero
  tolerances:  relative=0.3, absolute=1e-50, divergence=10000
  left preconditioning
  using PRECONDITIONED norm type for convergence test
PC Object:(Metos3DNewton_) 64 MPI processes
  type: none
  linear system matrix = precond matrix:
  Matrix Object:   64 MPI processes
    type: mffd
    rows=210996, cols=210996
      Matrix-free approximation:
        err=1.49012e-08 (relative error in function evaluation)
        Using wp compute h routine
            Does not compute normU
      Line search: Using full step: fnorm 1.682323150019e+02 gnorm 9.147221931161e+01
  1 SNES Function norm 9.147221931161e+01 
    Residual norms for Metos3DNewton_ solve.
    0 KSP Residual norm 9.147221931161e+01 
    1 KSP Residual norm 2.621729898073e+01 
KSP Object:(Metos3DNewton_) 64 MPI processes
  type: gmres
    GMRES: restart=30, using Classical (unmodified) Gram-Schmidt Orthogonalization with no iterative refinement
    GMRES: happy breakdown tolerance 1e-30
  maximum iterations=10000, initial guess is zero
  tolerances:  relative=0.373109, absolute=1e-50, divergence=10000
  left preconditioning
  using PRECONDITIONED norm type for convergence test
PC Object:(Metos3DNewton_) 64 MPI processes
  type: none
  linear system matrix = precond matrix:
  Matrix Object:   64 MPI processes
    type: mffd
    rows=210996, cols=210996
      Matrix-free approximation:
        err=1.49012e-08 (relative error in function evaluation)
        Using wp compute h routine
            Does not compute normU
      Line search: Using full step: fnorm 9.147221931161e+01 gnorm 1.961841789653e+01
  2 SNES Function norm 1.961841789653e+01 
    Residual norms for Metos3DNewton_ solve.
    0 KSP Residual norm 1.961841789653e+01 
    1 KSP Residual norm 1.005984666438e+01 
    2 KSP Residual norm 7.221428225528e+00 
    3 KSP Residual norm 7.221260756596e+00 
    4 KSP Residual norm 5.253324155947e+00 
    5 KSP Residual norm 5.024807627052e+00 
    6 KSP Residual norm 4.446032105104e+00 
    7 KSP Residual norm 3.966417579507e+00 
KSP Object:(Metos3DNewton_) 64 MPI processes
  type: gmres
    GMRES: restart=30, using Classical (unmodified) Gram-Schmidt Orthogonalization with no iterative refinement
    GMRES: happy breakdown tolerance 1e-30
  maximum iterations=10000, initial guess is zero
  tolerances:  relative=0.202869, absolute=1e-50, divergence=10000
  left preconditioning
  using PRECONDITIONED norm type for convergence test
PC Object:(Metos3DNewton_) 64 MPI processes
  type: none
  linear system matrix = precond matrix:
  Matrix Object:   64 MPI processes
    type: mffd
    rows=210996, cols=210996
      Matrix-free approximation:
        err=1.49012e-08 (relative error in function evaluation)
        Using wp compute h routine
            Does not compute normU
      Line search: Using full step: fnorm 1.961841789653e+01 gnorm 7.603861067199e+00
  3 SNES Function norm 7.603861067199e+00 
    Residual norms for Metos3DNewton_ solve.
    0 KSP Residual norm 7.603861067199e+00 
    1 KSP Residual norm 4.213751389288e+00 
    2 KSP Residual norm 3.525081346480e+00 
    3 KSP Residual norm 2.571008511784e+00 
    4 KSP Residual norm 2.260072034922e+00 
    5 KSP Residual norm 2.068190427754e+00 
    6 KSP Residual norm 1.893131379311e+00 
    7 KSP Residual norm 1.754379386561e+00 
    8 KSP Residual norm 1.628924925019e+00 
KSP Object:(Metos3DNewton_) 64 MPI processes
  type: gmres
    GMRES: restart=30, using Classical (unmodified) Gram-Schmidt Orthogonalization with no iterative refinement
    GMRES: happy breakdown tolerance 1e-30
  maximum iterations=10000, initial guess is zero
  tolerances:  relative=0.215759, absolute=1e-50, divergence=10000
  left preconditioning
  using PRECONDITIONED norm type for convergence test
PC Object:(Metos3DNewton_) 64 MPI processes
  type: none
  linear system matrix = precond matrix:
  Matrix Object:   64 MPI processes
    type: mffd
    rows=210996, cols=210996
      Matrix-free approximation:
        err=1.49012e-08 (relative error in function evaluation)
        Using wp compute h routine
            Does not compute normU
      Line search: Using full step: fnorm 7.603861067199e+00 gnorm 6.594511174792e+00
  4 SNES Function norm 6.594511174792e+00 
    Residual norms for Metos3DNewton_ solve.
    0 KSP Residual norm 6.594511174792e+00 
    1 KSP Residual norm 3.359793109446e+00 
KSP Object:(Metos3DNewton_) 64 MPI processes
  type: gmres
    GMRES: restart=30, using Classical (unmodified) Gram-Schmidt Orthogonalization with no iterative refinement
    GMRES: happy breakdown tolerance 1e-30
  maximum iterations=10000, initial guess is zero
  tolerances:  relative=0.794186, absolute=1e-50, divergence=10000
  left preconditioning
  using PRECONDITIONED norm type for convergence test
PC Object:(Metos3DNewton_) 64 MPI processes
  type: none
  linear system matrix = precond matrix:
  Matrix Object:   64 MPI processes
    type: mffd
    rows=210996, cols=210996
      Matrix-free approximation:
        err=1.49012e-08 (relative error in function evaluation)
        Using wp compute h routine
            Does not compute normU
      Line search: Using full step: fnorm 6.594511174792e+00 gnorm 2.515695957674e+00
  5 SNES Function norm 2.515695957674e+00 
    Residual norms for Metos3DNewton_ solve.
    0 KSP Residual norm 2.515695957674e+00 
    1 KSP Residual norm 1.876221567028e+00 
    2 KSP Residual norm 1.447613214017e+00 
KSP Object:(Metos3DNewton_) 64 MPI processes
  type: gmres
    GMRES: restart=30, using Classical (unmodified) Gram-Schmidt Orthogonalization with no iterative refinement
    GMRES: happy breakdown tolerance 1e-30
  maximum iterations=10000, initial guess is zero
  tolerances:  relative=0.688764, absolute=1e-50, divergence=10000
  left preconditioning
  using PRECONDITIONED norm type for convergence test
PC Object:(Metos3DNewton_) 64 MPI processes
  type: none
  linear system matrix = precond matrix:
  Matrix Object:   64 MPI processes
    type: mffd
    rows=210996, cols=210996
      Matrix-free approximation:
        err=1.49012e-08 (relative error in function evaluation)
        Using wp compute h routine
            Does not compute normU
      Line search: gnorm after quadratic fit 2.170103637780e+00
      Line search: Quadratically determined step, lambda=2.8042836783188546e-01
  6 SNES Function norm 2.170103637780e+00 
    Residual norms for Metos3DNewton_ solve.
    0 KSP Residual norm 2.170103637780e+00 
    1 KSP Residual norm 2.107002219533e+00 
    2 KSP Residual norm 1.947063509576e+00 
    3 KSP Residual norm 1.581776833927e+00 
KSP Object:(Metos3DNewton_) 64 MPI processes
  type: gmres
    GMRES: restart=30, using Classical (unmodified) Gram-Schmidt Orthogonalization with no iterative refinement
    GMRES: happy breakdown tolerance 1e-30
  maximum iterations=10000, initial guess is zero
  tolerances:  relative=0.787333, absolute=1e-50, divergence=10000
  left preconditioning
  using PRECONDITIONED norm type for convergence test
PC Object:(Metos3DNewton_) 64 MPI processes
  type: none
  linear system matrix = precond matrix:
  Matrix Object:   64 MPI processes
    type: mffd
    rows=210996, cols=210996
      Matrix-free approximation:
        err=1.49012e-08 (relative error in function evaluation)
        Using wp compute h routine
            Does not compute normU
      Line search: Using full step: fnorm 2.170103637780e+00 gnorm 1.926543539555e+00
  7 SNES Function norm 1.926543539555e+00 
    Residual norms for Metos3DNewton_ solve.
    0 KSP Residual norm 1.926543539555e+00 
    1 KSP Residual norm 1.774661517593e+00 
    2 KSP Residual norm 1.774029832603e+00 
    3 KSP Residual norm 1.293863574622e+00 
KSP Object:(Metos3DNewton_) 64 MPI processes
  type: gmres
    GMRES: restart=30, using Classical (unmodified) Gram-Schmidt Orthogonalization with no iterative refinement
    GMRES: happy breakdown tolerance 1e-30
  maximum iterations=10000, initial guess is zero
  tolerances:  relative=0.824793, absolute=1e-50, divergence=10000
  left preconditioning
  using PRECONDITIONED norm type for convergence test
PC Object:(Metos3DNewton_) 64 MPI processes
  type: none
  linear system matrix = precond matrix:
  Matrix Object:   64 MPI processes
    type: mffd
    rows=210996, cols=210996
      Matrix-free approximation:
        err=1.49012e-08 (relative error in function evaluation)
        Using wp compute h routine
            Does not compute normU
      Line search: gnorm after quadratic fit 1.779624251383e+00
      Line search: Quadratically determined step, lambda=1.1019288396968892e-01
  8 SNES Function norm 1.779624251383e+00 
    Residual norms for Metos3DNewton_ solve.
    0 KSP Residual norm 1.779624251383e+00 
    1 KSP Residual norm 1.476025211508e+00 
KSP Object:(Metos3DNewton_) 64 MPI processes
  type: gmres
    GMRES: restart=30, using Classical (unmodified) Gram-Schmidt Orthogonalization with no iterative refinement
    GMRES: happy breakdown tolerance 1e-30
  maximum iterations=10000, initial guess is zero
  tolerances:  relative=0.879545, absolute=1e-50, divergence=10000
  left preconditioning
  using PRECONDITIONED norm type for convergence test
PC Object:(Metos3DNewton_) 64 MPI processes
  type: none
  linear system matrix = precond matrix:
  Matrix Object:   64 MPI processes
    type: mffd
    rows=210996, cols=210996
      Matrix-free approximation:
        err=1.49012e-08 (relative error in function evaluation)
        Using wp compute h routine
            Does not compute normU
      Line search: Using full step: fnorm 1.779624251383e+00 gnorm 1.458760524301e+00
  9 SNES Function norm 1.458760524301e+00 
    Residual norms for Metos3DNewton_ solve.
    0 KSP Residual norm 1.458760524301e+00 
    1 KSP Residual norm 1.455653064828e+00 
    2 KSP Residual norm 1.396315477639e+00 
    3 KSP Residual norm 1.226956178544e+00 
    4 KSP Residual norm 1.105524447142e+00 
KSP Object:(Metos3DNewton_) 64 MPI processes
  type: gmres
    GMRES: restart=30, using Classical (unmodified) Gram-Schmidt Orthogonalization with no iterative refinement
    GMRES: happy breakdown tolerance 1e-30
  maximum iterations=10000, initial guess is zero
  tolerances:  relative=0.81247, absolute=1e-50, divergence=10000
  left preconditioning
  using PRECONDITIONED norm type for convergence test
PC Object:(Metos3DNewton_) 64 MPI processes
  type: none
  linear system matrix = precond matrix:
  Matrix Object:   64 MPI processes
    type: mffd
    rows=210996, cols=210996
      Matrix-free approximation:
        err=1.49012e-08 (relative error in function evaluation)
        Using wp compute h routine
            Does not compute normU
      Line search: gnorm after quadratic fit 1.408837682954e+00
      Line search: Quadratically determined step, lambda=1.0000000000000001e-01
 10 SNES Function norm 1.408837682954e+00 
    Residual norms for Metos3DNewton_ solve.
    0 KSP Residual norm 1.408837682954e+00 
    1 KSP Residual norm 1.400835982857e+00 
    2 KSP Residual norm 1.322840345461e+00 
    3 KSP Residual norm 1.321849977087e+00 
    4 KSP Residual norm 1.265469630300e+00 
KSP Object:(Metos3DNewton_) 64 MPI processes
  type: gmres
    GMRES: restart=30, using Classical (unmodified) Gram-Schmidt Orthogonalization with no iterative refinement
    GMRES: happy breakdown tolerance 1e-30
  maximum iterations=10000, initial guess is zero
  tolerances:  relative=0.9, absolute=1e-50, divergence=10000
  left preconditioning
  using PRECONDITIONED norm type for convergence test
PC Object:(Metos3DNewton_) 64 MPI processes
  type: none
  linear system matrix = precond matrix:
  Matrix Object:   64 MPI processes
    type: mffd
    rows=210996, cols=210996
      Matrix-free approximation:
        err=1.49012e-08 (relative error in function evaluation)
        Using wp compute h routine
            Does not compute normU
      Line search: gnorm after quadratic fit 1.467565722797e+00
      Line search: Cubically determined step, current gnorm 1.404175402695e+00 lambda=1.4593679158244222e-02
 11 SNES Function norm 1.404175402695e+00 
    Residual norms for Metos3DNewton_ solve.
    0 KSP Residual norm 1.404175402695e+00 
    1 KSP Residual norm 1.402768484977e+00 
    2 KSP Residual norm 1.305582647743e+00 
    3 KSP Residual norm 1.238934379772e+00 
KSP Object:(Metos3DNewton_) 64 MPI processes
  type: gmres
    GMRES: restart=30, using Classical (unmodified) Gram-Schmidt Orthogonalization with no iterative refinement
    GMRES: happy breakdown tolerance 1e-30
  maximum iterations=10000, initial guess is zero
  tolerances:  relative=0.9, absolute=1e-50, divergence=10000
  left preconditioning
  using PRECONDITIONED norm type for convergence test
PC Object:(Metos3DNewton_) 64 MPI processes
  type: none
  linear system matrix = precond matrix:
  Matrix Object:   64 MPI processes
    type: mffd
    rows=210996, cols=210996
      Matrix-free approximation:
        err=1.49012e-08 (relative error in function evaluation)
        Using wp compute h routine
            Does not compute normU
      Line search: gnorm after quadratic fit 1.343427954288e+00
      Line search: Quadratically determined step, lambda=1.7271006439094730e-01
 12 SNES Function norm 1.343427954288e+00 
    Residual norms for Metos3DNewton_ solve.
    0 KSP Residual norm 1.343427954288e+00 
    1 KSP Residual norm 1.331389727138e+00 
    2 KSP Residual norm 1.330488245357e+00 
    3 KSP Residual norm 1.322454743308e+00 
    4 KSP Residual norm 1.283630036667e+00 
    5 KSP Residual norm 1.217763694911e+00 
    6 KSP Residual norm 1.158629046562e+00 
KSP Object:(Metos3DNewton_) 64 MPI processes
  type: gmres
    GMRES: restart=30, using Classical (unmodified) Gram-Schmidt Orthogonalization with no iterative refinement
    GMRES: happy breakdown tolerance 1e-30
  maximum iterations=10000, initial guess is zero
  tolerances:  relative=0.9, absolute=1e-50, divergence=10000
  left preconditioning
  using PRECONDITIONED norm type for convergence test
PC Object:(Metos3DNewton_) 64 MPI processes
  type: none
  linear system matrix = precond matrix:
  Matrix Object:   64 MPI processes
    type: mffd
    rows=210996, cols=210996
      Matrix-free approximation:
        err=1.49012e-08 (relative error in function evaluation)
        Using wp compute h routine
            Does not compute normU
      Line search: gnorm after quadratic fit 1.311259818308e+00
      Line search: Quadratically determined step, lambda=1.0000000000000001e-01
 13 SNES Function norm 1.311259818308e+00 
    Residual norms for Metos3DNewton_ solve.
    0 KSP Residual norm 1.311259818308e+00 
    1 KSP Residual norm 1.295320207691e+00 
    2 KSP Residual norm 1.098502964038e+00 
KSP Object:(Metos3DNewton_) 64 MPI processes
  type: gmres
    GMRES: restart=30, using Classical (unmodified) Gram-Schmidt Orthogonalization with no iterative refinement
    GMRES: happy breakdown tolerance 1e-30
  maximum iterations=10000, initial guess is zero
  tolerances:  relative=0.9, absolute=1e-50, divergence=10000
  left preconditioning
  using PRECONDITIONED norm type for convergence test
PC Object:(Metos3DNewton_) 64 MPI processes
  type: none
  linear system matrix = precond matrix:
  Matrix Object:   64 MPI processes
    type: mffd
    rows=210996, cols=210996
      Matrix-free approximation:
        err=1.49012e-08 (relative error in function evaluation)
        Using wp compute h routine
            Does not compute normU
      Line search: gnorm after quadratic fit 1.275115236789e+00
      Line search: Quadratically determined step, lambda=1.0000000000000001e-01
 14 SNES Function norm 1.275115236789e+00 
    Residual norms for Metos3DNewton_ solve.
    0 KSP Residual norm 1.275115236789e+00 
    1 KSP Residual norm 1.265448341699e+00 
    2 KSP Residual norm 1.240262207204e+00 
    3 KSP Residual norm 1.107818864374e+00 
KSP Object:(Metos3DNewton_) 64 MPI processes
  type: gmres
    GMRES: restart=30, using Classical (unmodified) Gram-Schmidt Orthogonalization with no iterative refinement
    GMRES: happy breakdown tolerance 1e-30
  maximum iterations=10000, initial guess is zero
  tolerances:  relative=0.9, absolute=1e-50, divergence=10000
  left preconditioning
  using PRECONDITIONED norm type for convergence test
PC Object:(Metos3DNewton_) 64 MPI processes
  type: none
  linear system matrix = precond matrix:
  Matrix Object:   64 MPI processes
    type: mffd
    rows=210996, cols=210996
      Matrix-free approximation:
        err=1.49012e-08 (relative error in function evaluation)
        Using wp compute h routine
            Does not compute normU
      Line search: gnorm after quadratic fit 1.249872167402e+00
      Line search: Quadratically determined step, lambda=1.0000000000000001e-01
 15 SNES Function norm 1.249872167402e+00 
    Residual norms for Metos3DNewton_ solve.
    0 KSP Residual norm 1.249872167402e+00 
    1 KSP Residual norm 1.233886008698e+00 
    2 KSP Residual norm 1.143924376445e+00 
    3 KSP Residual norm 9.957166896580e-01 
KSP Object:(Metos3DNewton_) 64 MPI processes
  type: gmres
    GMRES: restart=30, using Classical (unmodified) Gram-Schmidt Orthogonalization with no iterative refinement
    GMRES: happy breakdown tolerance 1e-30
  maximum iterations=10000, initial guess is zero
  tolerances:  relative=0.9, absolute=1e-50, divergence=10000
  left preconditioning
  using PRECONDITIONED norm type for convergence test
PC Object:(Metos3DNewton_) 64 MPI processes
  type: none
  linear system matrix = precond matrix:
  Matrix Object:   64 MPI processes
    type: mffd
    rows=210996, cols=210996
      Matrix-free approximation:
        err=1.49012e-08 (relative error in function evaluation)
        Using wp compute h routine
            Does not compute normU
      Line search: gnorm after quadratic fit 1.208591477946e+00
      Line search: Quadratically determined step, lambda=1.2014382056070248e-01
 16 SNES Function norm 1.208591477946e+00 
    Residual norms for Metos3DNewton_ solve.
    0 KSP Residual norm 1.208591477946e+00 
    1 KSP Residual norm 1.207717071946e+00 
    2 KSP Residual norm 1.152811976473e+00 
    3 KSP Residual norm 1.014646378116e+00 
KSP Object:(Metos3DNewton_) 64 MPI processes
  type: gmres
    GMRES: restart=30, using Classical (unmodified) Gram-Schmidt Orthogonalization with no iterative refinement
    GMRES: happy breakdown tolerance 1e-30
  maximum iterations=10000, initial guess is zero
  tolerances:  relative=0.9, absolute=1e-50, divergence=10000
  left preconditioning
  using PRECONDITIONED norm type for convergence test
PC Object:(Metos3DNewton_) 64 MPI processes
  type: none
  linear system matrix = precond matrix:
  Matrix Object:   64 MPI processes
    type: mffd
    rows=210996, cols=210996
      Matrix-free approximation:
        err=1.49012e-08 (relative error in function evaluation)
        Using wp compute h routine
            Does not compute normU
      Line search: Using full step: fnorm 1.208591477946e+00 gnorm 1.134144790107e+00
 17 SNES Function norm 1.134144790107e+00 
    Residual norms for Metos3DNewton_ solve.
    0 KSP Residual norm 1.134144790107e+00 
    1 KSP Residual norm 1.110353799764e+00 
    2 KSP Residual norm 9.066619371025e-01 
KSP Object:(Metos3DNewton_) 64 MPI processes
  type: gmres
    GMRES: restart=30, using Classical (unmodified) Gram-Schmidt Orthogonalization with no iterative refinement
    GMRES: happy breakdown tolerance 1e-30
  maximum iterations=10000, initial guess is zero
  tolerances:  relative=0.9, absolute=1e-50, divergence=10000
  left preconditioning
  using PRECONDITIONED norm type for convergence test
PC Object:(Metos3DNewton_) 64 MPI processes
  type: none
  linear system matrix = precond matrix:
  Matrix Object:   64 MPI processes
    type: mffd
    rows=210996, cols=210996
      Matrix-free approximation:
        err=1.49012e-08 (relative error in function evaluation)
        Using wp compute h routine
            Does not compute normU
      Line search: gnorm after quadratic fit 1.552602279031e+00
      Line search: Cubically determined step, current gnorm 1.129295990860e+00 lambda=1.1568920989328694e-02
 18 SNES Function norm 1.129295990860e+00 
    Residual norms for Metos3DNewton_ solve.
    0 KSP Residual norm 1.129295990860e+00 
    1 KSP Residual norm 1.101745012356e+00 
    2 KSP Residual norm 9.049257082204e-01 
KSP Object:(Metos3DNewton_) 64 MPI processes
  type: gmres
    GMRES: restart=30, using Classical (unmodified) Gram-Schmidt Orthogonalization with no iterative refinement
    GMRES: happy breakdown tolerance 1e-30
  maximum iterations=10000, initial guess is zero
  tolerances:  relative=0.9, absolute=1e-50, divergence=10000
  left preconditioning
  using PRECONDITIONED norm type for convergence test
PC Object:(Metos3DNewton_) 64 MPI processes
  type: none
  linear system matrix = precond matrix:
  Matrix Object:   64 MPI processes
    type: mffd
    rows=210996, cols=210996
      Matrix-free approximation:
        err=1.49012e-08 (relative error in function evaluation)
        Using wp compute h routine
            Does not compute normU
      Line search: gnorm after quadratic fit 1.565188862574e+00
      Line search: Cubically determined step, current gnorm 1.124395681856e+00 lambda=1.1719476734975077e-02
 19 SNES Function norm 1.124395681856e+00 
    Residual norms for Metos3DNewton_ solve.
    0 KSP Residual norm 1.124395681856e+00 
    1 KSP Residual norm 1.093246193426e+00 
    2 KSP Residual norm 9.036409736481e-01 
KSP Object:(Metos3DNewton_) 64 MPI processes
  type: gmres
    GMRES: restart=30, using Classical (unmodified) Gram-Schmidt Orthogonalization with no iterative refinement
    GMRES: happy breakdown tolerance 1e-30
  maximum iterations=10000, initial guess is zero
  tolerances:  relative=0.9, absolute=1e-50, divergence=10000
  left preconditioning
  using PRECONDITIONED norm type for convergence test
PC Object:(Metos3DNewton_) 64 MPI processes
  type: none
  linear system matrix = precond matrix:
  Matrix Object:   64 MPI processes
    type: mffd
    rows=210996, cols=210996
      Matrix-free approximation:
        err=1.49012e-08 (relative error in function evaluation)
        Using wp compute h routine
            Does not compute normU
      Line search: gnorm after quadratic fit 1.570116980074e+00
      Line search: Cubically determined step, current gnorm 1.119685407007e+00 lambda=1.1605901948606577e-02
 20 SNES Function norm 1.119685407007e+00 
    Residual norms for Metos3DNewton_ solve.
    0 KSP Residual norm 1.119685407007e+00 
    1 KSP Residual norm 1.084983083128e+00 
    2 KSP Residual norm 9.026035214100e-01 
KSP Object:(Metos3DNewton_) 64 MPI processes
  type: gmres
    GMRES: restart=30, using Classical (unmodified) Gram-Schmidt Orthogonalization with no iterative refinement
    GMRES: happy breakdown tolerance 1e-30
  maximum iterations=10000, initial guess is zero
  tolerances:  relative=0.9, absolute=1e-50, divergence=10000
  left preconditioning
  using PRECONDITIONED norm type for convergence test
PC Object:(Metos3DNewton_) 64 MPI processes
  type: none
  linear system matrix = precond matrix:
  Matrix Object:   64 MPI processes
    type: mffd
    rows=210996, cols=210996
      Matrix-free approximation:
        err=1.49012e-08 (relative error in function evaluation)
        Using wp compute h routine
            Does not compute normU
      Line search: gnorm after quadratic fit 1.087405347493e+00
      Line search: Quadratically determined step, lambda=1.1314192347412098e-01
 21 SNES Function norm 1.087405347493e+00 
    Residual norms for Metos3DNewton_ solve.
    0 KSP Residual norm 1.087405347493e+00 
    1 KSP Residual norm 1.035767871978e+00 
    2 KSP Residual norm 1.023954977344e+00 
    3 KSP Residual norm 1.022558003507e+00 
    4 KSP Residual norm 1.022250397401e+00 
    5 KSP Residual norm 1.007256931392e+00 
    6 KSP Residual norm 9.965567341556e-01 
    7 KSP Residual norm 9.766481453112e-01 
KSP Object:(Metos3DNewton_) 64 MPI processes
  type: gmres
    GMRES: restart=30, using Classical (unmodified) Gram-Schmidt Orthogonalization with no iterative refinement
    GMRES: happy breakdown tolerance 1e-30
  maximum iterations=10000, initial guess is zero
  tolerances:  relative=0.9, absolute=1e-50, divergence=10000
  left preconditioning
  using PRECONDITIONED norm type for convergence test
PC Object:(Metos3DNewton_) 64 MPI processes
  type: none
  linear system matrix = precond matrix:
  Matrix Object:   64 MPI processes
    type: mffd
    rows=210996, cols=210996
      Matrix-free approximation:
        err=1.49012e-08 (relative error in function evaluation)
        Using wp compute h routine
            Does not compute normU
      Line search: gnorm after quadratic fit 1.121257951404e+00
      Line search: Cubically determined step, current gnorm 1.082893086772e+00 lambda=1.8048814193816255e-02
 22 SNES Function norm 1.082893086772e+00 
    Residual norms for Metos3DNewton_ solve.
    0 KSP Residual norm 1.082893086772e+00 
    1 KSP Residual norm 1.048189725686e+00 
    2 KSP Residual norm 8.986351193788e-01 
KSP Object:(Metos3DNewton_) 64 MPI processes
  type: gmres
    GMRES: restart=30, using Classical (unmodified) Gram-Schmidt Orthogonalization with no iterative refinement
    GMRES: happy breakdown tolerance 1e-30
  maximum iterations=10000, initial guess is zero
  tolerances:  relative=0.9, absolute=1e-50, divergence=10000
  left preconditioning
  using PRECONDITIONED norm type for convergence test
PC Object:(Metos3DNewton_) 64 MPI processes
  type: none
  linear system matrix = precond matrix:
  Matrix Object:   64 MPI processes
    type: mffd
    rows=210996, cols=210996
      Matrix-free approximation:
        err=1.49012e-08 (relative error in function evaluation)
        Using wp compute h routine
            Does not compute normU
      Line search: gnorm after quadratic fit 1.538349358873e+00
      Line search: Cubically determined step, current gnorm 1.079409770925e+00 lambda=1.0000000000000002e-02
 23 SNES Function norm 1.079409770925e+00 
    Residual norms for Metos3DNewton_ solve.
    0 KSP Residual norm 1.079409770925e+00 
    1 KSP Residual norm 1.035725026493e+00 
    2 KSP Residual norm 9.124972558667e-01 
KSP Object:(Metos3DNewton_) 64 MPI processes
  type: gmres
    GMRES: restart=30, using Classical (unmodified) Gram-Schmidt Orthogonalization with no iterative refinement
    GMRES: happy breakdown tolerance 1e-30
  maximum iterations=10000, initial guess is zero
  tolerances:  relative=0.9, absolute=1e-50, divergence=10000
  left preconditioning
  using PRECONDITIONED norm type for convergence test
PC Object:(Metos3DNewton_) 64 MPI processes
  type: none
  linear system matrix = precond matrix:
  Matrix Object:   64 MPI processes
    type: mffd
    rows=210996, cols=210996
      Matrix-free approximation:
        err=1.49012e-08 (relative error in function evaluation)
        Using wp compute h routine
            Does not compute normU
      Line search: gnorm after quadratic fit 1.582087628937e+00
      Line search: Cubically determined step, current gnorm 1.076077602647e+00 lambda=1.0000000000000002e-02
 24 SNES Function norm 1.076077602647e+00 
    Residual norms for Metos3DNewton_ solve.
    0 KSP Residual norm 1.076077602647e+00 
    1 KSP Residual norm 1.028436011729e+00 
    2 KSP Residual norm 1.015750644056e+00 
    3 KSP Residual norm 1.010693581988e+00 
    4 KSP Residual norm 1.006707456913e+00 
    5 KSP Residual norm 9.993576191793e-01 
    6 KSP Residual norm 9.943207277726e-01 
    7 KSP Residual norm 9.822780379468e-01 
    8 KSP Residual norm 9.637485932553e-01 
KSP Object:(Metos3DNewton_) 64 MPI processes
  type: gmres
    GMRES: restart=30, using Classical (unmodified) Gram-Schmidt Orthogonalization with no iterative refinement
    GMRES: happy breakdown tolerance 1e-30
  maximum iterations=10000, initial guess is zero
  tolerances:  relative=0.9, absolute=1e-50, divergence=10000
  left preconditioning
  using PRECONDITIONED norm type for convergence test
PC Object:(Metos3DNewton_) 64 MPI processes
  type: none
  linear system matrix = precond matrix:
  Matrix Object:   64 MPI processes
    type: mffd
    rows=210996, cols=210996
      Matrix-free approximation:
        err=1.49012e-08 (relative error in function evaluation)
        Using wp compute h routine
            Does not compute normU
      Line search: gnorm after quadratic fit 1.067168042799e+00
      Line search: Quadratically determined step, lambda=1.0000000000000001e-01
 25 SNES Function norm 1.067168042799e+00 
    Residual norms for Metos3DNewton_ solve.
    0 KSP Residual norm 1.067168042799e+00 
    1 KSP Residual norm 1.043824448504e+00 
    2 KSP Residual norm 9.298247089057e-01 
KSP Object:(Metos3DNewton_) 64 MPI processes
  type: gmres
    GMRES: restart=30, using Classical (unmodified) Gram-Schmidt Orthogonalization with no iterative refinement
    GMRES: happy breakdown tolerance 1e-30
  maximum iterations=10000, initial guess is zero
  tolerances:  relative=0.9, absolute=1e-50, divergence=10000
  left preconditioning
  using PRECONDITIONED norm type for convergence test
PC Object:(Metos3DNewton_) 64 MPI processes
  type: none
  linear system matrix = precond matrix:
  Matrix Object:   64 MPI processes
    type: mffd
    rows=210996, cols=210996
      Matrix-free approximation:
        err=1.49012e-08 (relative error in function evaluation)
        Using wp compute h routine
            Does not compute normU
      Line search: gnorm after quadratic fit 1.592440937098e+00
      Line search: Cubically determined step, current gnorm 1.064550096691e+00 lambda=1.0000000000000002e-02
 26 SNES Function norm 1.064550096691e+00 
    Residual norms for Metos3DNewton_ solve.
    0 KSP Residual norm 1.064550096691e+00 
    1 KSP Residual norm 1.039197334364e+00 
    2 KSP Residual norm 9.193789177940e-01 
KSP Object:(Metos3DNewton_) 64 MPI processes
  type: gmres
    GMRES: restart=30, using Classical (unmodified) Gram-Schmidt Orthogonalization with no iterative refinement
    GMRES: happy breakdown tolerance 1e-30
  maximum iterations=10000, initial guess is zero
  tolerances:  relative=0.9, absolute=1e-50, divergence=10000
  left preconditioning
  using PRECONDITIONED norm type for convergence test
PC Object:(Metos3DNewton_) 64 MPI processes
  type: none
  linear system matrix = precond matrix:
  Matrix Object:   64 MPI processes
    type: mffd
    rows=210996, cols=210996
      Matrix-free approximation:
        err=1.49012e-08 (relative error in function evaluation)
        Using wp compute h routine
            Does not compute normU
      Line search: gnorm after quadratic fit 1.586742327932e+00
      Line search: Cubically determined step, current gnorm 1.062447524539e+00 lambda=1.0000000000000002e-02
 27 SNES Function norm 1.062447524539e+00 
    Residual norms for Metos3DNewton_ solve.
    0 KSP Residual norm 1.062447524539e+00 
    1 KSP Residual norm 1.033822243169e+00 
    2 KSP Residual norm 9.094653807284e-01 
KSP Object:(Metos3DNewton_) 64 MPI processes
  type: gmres
    GMRES: restart=30, using Classical (unmodified) Gram-Schmidt Orthogonalization with no iterative refinement
    GMRES: happy breakdown tolerance 1e-30
  maximum iterations=10000, initial guess is zero
  tolerances:  relative=0.9, absolute=1e-50, divergence=10000
  left preconditioning
  using PRECONDITIONED norm type for convergence test
PC Object:(Metos3DNewton_) 64 MPI processes
  type: none
  linear system matrix = precond matrix:
  Matrix Object:   64 MPI processes
    type: mffd
    rows=210996, cols=210996
      Matrix-free approximation:
        err=1.49012e-08 (relative error in function evaluation)
        Using wp compute h routine
            Does not compute normU
      Line search: gnorm after quadratic fit 1.581385919586e+00
      Line search: Cubically determined step, current gnorm 1.060817282209e+00 lambda=1.0000000000000002e-02
 28 SNES Function norm 1.060817282209e+00 
    Residual norms for Metos3DNewton_ solve.
    0 KSP Residual norm 1.060817282209e+00 
    1 KSP Residual norm 1.026163899861e+00 
    2 KSP Residual norm 8.976562470017e-01 
KSP Object:(Metos3DNewton_) 64 MPI processes
  type: gmres
    GMRES: restart=30, using Classical (unmodified) Gram-Schmidt Orthogonalization with no iterative refinement
    GMRES: happy breakdown tolerance 1e-30
  maximum iterations=10000, initial guess is zero
  tolerances:  relative=0.9, absolute=1e-50, divergence=10000
  left preconditioning
  using PRECONDITIONED norm type for convergence test
PC Object:(Metos3DNewton_) 64 MPI processes
  type: none
  linear system matrix = precond matrix:
  Matrix Object:   64 MPI processes
    type: mffd
    rows=210996, cols=210996
      Matrix-free approximation:
        err=1.49012e-08 (relative error in function evaluation)
        Using wp compute h routine
            Does not compute normU
      Line search: gnorm after quadratic fit 1.558694485278e+00
      Line search: Cubically determined step, current gnorm 1.058762303004e+00 lambda=1.0000000000000002e-02
 29 SNES Function norm 1.058762303004e+00 
    Residual norms for Metos3DNewton_ solve.
    0 KSP Residual norm 1.058762303004e+00 
    1 KSP Residual norm 1.018672322135e+00 
    2 KSP Residual norm 8.920274194706e-01 
KSP Object:(Metos3DNewton_) 64 MPI processes
  type: gmres
    GMRES: restart=30, using Classical (unmodified) Gram-Schmidt Orthogonalization with no iterative refinement
    GMRES: happy breakdown tolerance 1e-30
  maximum iterations=10000, initial guess is zero
  tolerances:  relative=0.9, absolute=1e-50, divergence=10000
  left preconditioning
  using PRECONDITIONED norm type for convergence test
PC Object:(Metos3DNewton_) 64 MPI processes
  type: none
  linear system matrix = precond matrix:
  Matrix Object:   64 MPI processes
    type: mffd
    rows=210996, cols=210996
      Matrix-free approximation:
        err=1.49012e-08 (relative error in function evaluation)
        Using wp compute h routine
            Does not compute normU
      Line search: gnorm after quadratic fit 1.543304861100e+00
      Line search: Cubically determined step, current gnorm 1.056727224540e+00 lambda=1.0000000000000002e-02
 30 SNES Function norm 1.056727224540e+00 
    Residual norms for Metos3DNewton_ solve.
    0 KSP Residual norm 1.056727224540e+00 
    1 KSP Residual norm 1.012387221623e+00 
    2 KSP Residual norm 8.939359863209e-01 
KSP Object:(Metos3DNewton_) 64 MPI processes
  type: gmres
    GMRES: restart=30, using Classical (unmodified) Gram-Schmidt Orthogonalization with no iterative refinement
    GMRES: happy breakdown tolerance 1e-30
  maximum iterations=10000, initial guess is zero
  tolerances:  relative=0.9, absolute=1e-50, divergence=10000
  left preconditioning
  using PRECONDITIONED norm type for convergence test
PC Object:(Metos3DNewton_) 64 MPI processes
  type: none
  linear system matrix = precond matrix:
  Matrix Object:   64 MPI processes
    type: mffd
    rows=210996, cols=210996
      Matrix-free approximation:
        err=1.49012e-08 (relative error in function evaluation)
        Using wp compute h routine
            Does not compute normU
      Line search: gnorm after quadratic fit 1.532015487865e+00
      Line search: Cubic step no good, shrinking lambda, current gnorm 1.476767680406e+00 lambda=1.0000000000000002e-02
      Line search: Cubically determined step, current gnorm 1.056440811984e+00 lambda=1.0000000000000002e-03
 31 SNES Function norm 1.056440811984e+00 
    Residual norms for Metos3DNewton_ solve.
    0 KSP Residual norm 1.056440811984e+00 
    1 KSP Residual norm 1.010449146547e+00 
    2 KSP Residual norm 8.931420443002e-01 
KSP Object:(Metos3DNewton_) 64 MPI processes
  type: gmres
    GMRES: restart=30, using Classical (unmodified) Gram-Schmidt Orthogonalization with no iterative refinement
    GMRES: happy breakdown tolerance 1e-30
  maximum iterations=10000, initial guess is zero
  tolerances:  relative=0.9, absolute=1e-50, divergence=10000
  left preconditioning
  using PRECONDITIONED norm type for convergence test
PC Object:(Metos3DNewton_) 64 MPI processes
  type: none
  linear system matrix = precond matrix:
  Matrix Object:   64 MPI processes
    type: mffd
    rows=210996, cols=210996
      Matrix-free approximation:
        err=1.49012e-08 (relative error in function evaluation)
        Using wp compute h routine
            Does not compute normU
      Line search: gnorm after quadratic fit 1.528997495312e+00
      Line search: Cubic step no good, shrinking lambda, current gnorm 1.485382091609e+00 lambda=1.0000000000000002e-02
      Line search: Cubically determined step, current gnorm 1.056130788262e+00 lambda=1.0000000000000002e-03
 32 SNES Function norm 1.056130788262e+00 
    Residual norms for Metos3DNewton_ solve.
    0 KSP Residual norm 1.056130788262e+00 
    1 KSP Residual norm 1.011466220993e+00 
    2 KSP Residual norm 8.932397207432e-01 
KSP Object:(Metos3DNewton_) 64 MPI processes
  type: gmres
    GMRES: restart=30, using Classical (unmodified) Gram-Schmidt Orthogonalization with no iterative refinement
    GMRES: happy breakdown tolerance 1e-30
  maximum iterations=10000, initial guess is zero
  tolerances:  relative=0.9, absolute=1e-50, divergence=10000
  left preconditioning
  using PRECONDITIONED norm type for convergence test
PC Object:(Metos3DNewton_) 64 MPI processes
  type: none
  linear system matrix = precond matrix:
  Matrix Object:   64 MPI processes
    type: mffd
    rows=210996, cols=210996
      Matrix-free approximation:
        err=1.49012e-08 (relative error in function evaluation)
        Using wp compute h routine
            Does not compute normU
      Line search: gnorm after quadratic fit 1.530898552725e+00
      Line search: Cubic step no good, shrinking lambda, current gnorm 1.490453812545e+00 lambda=1.0000000000000002e-02
      Line search: Cubically determined step, current gnorm 1.055842392965e+00 lambda=1.0000000000000002e-03
 33 SNES Function norm 1.055842392965e+00 
    Residual norms for Metos3DNewton_ solve.
    0 KSP Residual norm 1.055842392965e+00 
    1 KSP Residual norm 1.008590295903e+00 
    2 KSP Residual norm 8.878771066384e-01 
KSP Object:(Metos3DNewton_) 64 MPI processes
  type: gmres
    GMRES: restart=30, using Classical (unmodified) Gram-Schmidt Orthogonalization with no iterative refinement
    GMRES: happy breakdown tolerance 1e-30
  maximum iterations=10000, initial guess is zero
  tolerances:  relative=0.9, absolute=1e-50, divergence=10000
  left preconditioning
  using PRECONDITIONED norm type for convergence test
PC Object:(Metos3DNewton_) 64 MPI processes
  type: none
  linear system matrix = precond matrix:
  Matrix Object:   64 MPI processes
    type: mffd
    rows=210996, cols=210996
      Matrix-free approximation:
        err=1.49012e-08 (relative error in function evaluation)
        Using wp compute h routine
            Does not compute normU
      Line search: gnorm after quadratic fit 1.527429924329e+00
      Line search: Cubic step no good, shrinking lambda, current gnorm 1.493545935228e+00 lambda=1.0000000000000002e-02
      Line search: Cubically determined step, current gnorm 1.055544700823e+00 lambda=1.0000000000000002e-03
 34 SNES Function norm 1.055544700823e+00 
    Residual norms for Metos3DNewton_ solve.
    0 KSP Residual norm 1.055544700823e+00 
    1 KSP Residual norm 1.006940769381e+00 
    2 KSP Residual norm 8.865747018938e-01 
KSP Object:(Metos3DNewton_) 64 MPI processes
  type: gmres
    GMRES: restart=30, using Classical (unmodified) Gram-Schmidt Orthogonalization with no iterative refinement
    GMRES: happy breakdown tolerance 1e-30
  maximum iterations=10000, initial guess is zero
  tolerances:  relative=0.9, absolute=1e-50, divergence=10000
  left preconditioning
  using PRECONDITIONED norm type for convergence test
PC Object:(Metos3DNewton_) 64 MPI processes
  type: none
  linear system matrix = precond matrix:
  Matrix Object:   64 MPI processes
    type: mffd
    rows=210996, cols=210996
      Matrix-free approximation:
        err=1.49012e-08 (relative error in function evaluation)
        Using wp compute h routine
            Does not compute normU
      Line search: gnorm after quadratic fit 1.525210633741e+00
      Line search: Cubic step no good, shrinking lambda, current gnorm 1.496214446169e+00 lambda=1.0000000000000002e-02
      Line search: Cubically determined step, current gnorm 1.055237633263e+00 lambda=1.0000000000000002e-03
 35 SNES Function norm 1.055237633263e+00 
    Residual norms for Metos3DNewton_ solve.
    0 KSP Residual norm 1.055237633263e+00 
    1 KSP Residual norm 1.004999832496e+00 
    2 KSP Residual norm 8.859230571022e-01 
KSP Object:(Metos3DNewton_) 64 MPI processes
  type: gmres
    GMRES: restart=30, using Classical (unmodified) Gram-Schmidt Orthogonalization with no iterative refinement
    GMRES: happy breakdown tolerance 1e-30
  maximum iterations=10000, initial guess is zero
  tolerances:  relative=0.9, absolute=1e-50, divergence=10000
  left preconditioning
  using PRECONDITIONED norm type for convergence test
PC Object:(Metos3DNewton_) 64 MPI processes
  type: none
  linear system matrix = precond matrix:
  Matrix Object:   64 MPI processes
    type: mffd
    rows=210996, cols=210996
      Matrix-free approximation:
        err=1.49012e-08 (relative error in function evaluation)
        Using wp compute h routine
            Does not compute normU
      Line search: gnorm after quadratic fit 1.523218836509e+00
      Line search: Cubic step no good, shrinking lambda, current gnorm 1.498555966516e+00 lambda=1.0000000000000002e-02
      Line search: Cubically determined step, current gnorm 1.054914448631e+00 lambda=1.0000000000000002e-03
 36 SNES Function norm 1.054914448631e+00 
    Residual norms for Metos3DNewton_ solve.
    0 KSP Residual norm 1.054914448631e+00 
    1 KSP Residual norm 1.005237588989e+00 
    2 KSP Residual norm 8.857381285547e-01 
KSP Object:(Metos3DNewton_) 64 MPI processes
  type: gmres
    GMRES: restart=30, using Classical (unmodified) Gram-Schmidt Orthogonalization with no iterative refinement
    GMRES: happy breakdown tolerance 1e-30
  maximum iterations=10000, initial guess is zero
  tolerances:  relative=0.9, absolute=1e-50, divergence=10000
  left preconditioning
  using PRECONDITIONED norm type for convergence test
PC Object:(Metos3DNewton_) 64 MPI processes
  type: none
  linear system matrix = precond matrix:
  Matrix Object:   64 MPI processes
    type: mffd
    rows=210996, cols=210996
      Matrix-free approximation:
        err=1.49012e-08 (relative error in function evaluation)
        Using wp compute h routine
            Does not compute normU
      Line search: gnorm after quadratic fit 1.523546709114e+00
      Line search: Cubic step no good, shrinking lambda, current gnorm 1.500593805255e+00 lambda=1.0000000000000002e-02
      Line search: Cubically determined step, current gnorm 1.054603204841e+00 lambda=1.0000000000000002e-03
 37 SNES Function norm 1.054603204841e+00 
    Residual norms for Metos3DNewton_ solve.
    0 KSP Residual norm 1.054603204841e+00 
    1 KSP Residual norm 1.005611829064e+00 
    2 KSP Residual norm 8.854998346663e-01 
KSP Object:(Metos3DNewton_) 64 MPI processes
  type: gmres
    GMRES: restart=30, using Classical (unmodified) Gram-Schmidt Orthogonalization with no iterative refinement
    GMRES: happy breakdown tolerance 1e-30
  maximum iterations=10000, initial guess is zero
  tolerances:  relative=0.9, absolute=1e-50, divergence=10000
  left preconditioning
  using PRECONDITIONED norm type for convergence test
PC Object:(Metos3DNewton_) 64 MPI processes
  type: none
  linear system matrix = precond matrix:
  Matrix Object:   64 MPI processes
    type: mffd
    rows=210996, cols=210996
      Matrix-free approximation:
        err=1.49012e-08 (relative error in function evaluation)
        Using wp compute h routine
            Does not compute normU
      Line search: gnorm after quadratic fit 1.524158786112e+00
      Line search: Cubic step no good, shrinking lambda, current gnorm 1.502384241910e+00 lambda=1.0000000000000002e-02
      Line search: Cubically determined step, current gnorm 1.054307630582e+00 lambda=1.0000000000000002e-03
 38 SNES Function norm 1.054307630582e+00 
    Residual norms for Metos3DNewton_ solve.
    0 KSP Residual norm 1.054307630582e+00 
    1 KSP Residual norm 1.004966298988e+00 
    2 KSP Residual norm 8.853288200090e-01 
KSP Object:(Metos3DNewton_) 64 MPI processes
  type: gmres
    GMRES: restart=30, using Classical (unmodified) Gram-Schmidt Orthogonalization with no iterative refinement
    GMRES: happy breakdown tolerance 1e-30
  maximum iterations=10000, initial guess is zero
  tolerances:  relative=0.9, absolute=1e-50, divergence=10000
  left preconditioning
  using PRECONDITIONED norm type for convergence test
PC Object:(Metos3DNewton_) 64 MPI processes
  type: none
  linear system matrix = precond matrix:
  Matrix Object:   64 MPI processes
    type: mffd
    rows=210996, cols=210996
      Matrix-free approximation:
        err=1.49012e-08 (relative error in function evaluation)
        Using wp compute h routine
            Does not compute normU
      Line search: gnorm after quadratic fit 1.522977322539e+00
      Line search: Cubic step no good, shrinking lambda, current gnorm 1.503815146865e+00 lambda=1.0000000000000002e-02
      Line search: Cubic step no good, shrinking lambda, current gnorm 1.448422483901e+00 lambda=1.0000000000000002e-03
      Line search: Cubically determined step, current gnorm 1.054276895205e+00 lambda=1.0000000000000003e-04
 39 SNES Function norm 1.054276895205e+00 
    Residual norms for Metos3DNewton_ solve.
    0 KSP Residual norm 1.054276895205e+00 
    1 KSP Residual norm 1.004513124844e+00 
    2 KSP Residual norm 8.851407642039e-01 
KSP Object:(Metos3DNewton_) 64 MPI processes
  type: gmres
    GMRES: restart=30, using Classical (unmodified) Gram-Schmidt Orthogonalization with no iterative refinement
    GMRES: happy breakdown tolerance 1e-30
  maximum iterations=10000, initial guess is zero
  tolerances:  relative=0.9, absolute=1e-50, divergence=10000
  left preconditioning
  using PRECONDITIONED norm type for convergence test
PC Object:(Metos3DNewton_) 64 MPI processes
  type: none
  linear system matrix = precond matrix:
  Matrix Object:   64 MPI processes
    type: mffd
    rows=210996, cols=210996
      Matrix-free approximation:
        err=1.49012e-08 (relative error in function evaluation)
        Using wp compute h routine
            Does not compute normU
      Line search: gnorm after quadratic fit 1.522455837479e+00
      Line search: Cubic step no good, shrinking lambda, current gnorm 1.504005999901e+00 lambda=1.0000000000000002e-02
      Line search: Cubic step no good, shrinking lambda, current gnorm 1.453533774116e+00 lambda=1.0000000000000002e-03
      Line search: Cubically determined step, current gnorm 1.054246134036e+00 lambda=1.0000000000000003e-04
 40 SNES Function norm 1.054246134036e+00 
    Residual norms for Metos3DNewton_ solve.
    0 KSP Residual norm 1.054246134036e+00 
    1 KSP Residual norm 1.004087692752e+00 
    2 KSP Residual norm 8.850510734563e-01 
KSP Object:(Metos3DNewton_) 64 MPI processes
  type: gmres
    GMRES: restart=30, using Classical (unmodified) Gram-Schmidt Orthogonalization with no iterative refinement
    GMRES: happy breakdown tolerance 1e-30
  maximum iterations=10000, initial guess is zero
  tolerances:  relative=0.9, absolute=1e-50, divergence=10000
  left preconditioning
  using PRECONDITIONED norm type for convergence test
PC Object:(Metos3DNewton_) 64 MPI processes
  type: none
  linear system matrix = precond matrix:
  Matrix Object:   64 MPI processes
    type: mffd
    rows=210996, cols=210996
      Matrix-free approximation:
        err=1.49012e-08 (relative error in function evaluation)
        Using wp compute h routine
            Does not compute normU
      Line search: gnorm after quadratic fit 1.521860434358e+00
      Line search: Cubic step no good, shrinking lambda, current gnorm 1.504155634231e+00 lambda=1.0000000000000002e-02
      Line search: Cubic step no good, shrinking lambda, current gnorm 1.457422583006e+00 lambda=1.0000000000000002e-03
      Line search: Cubically determined step, current gnorm 1.054215252605e+00 lambda=1.0000000000000003e-04
 41 SNES Function norm 1.054215252605e+00 
    Residual norms for Metos3DNewton_ solve.
    0 KSP Residual norm 1.054215252605e+00 
    1 KSP Residual norm 1.003681867945e+00 
    2 KSP Residual norm 8.850027248133e-01 
KSP Object:(Metos3DNewton_) 64 MPI processes
  type: gmres
    GMRES: restart=30, using Classical (unmodified) Gram-Schmidt Orthogonalization with no iterative refinement
    GMRES: happy breakdown tolerance 1e-30
  maximum iterations=10000, initial guess is zero
  tolerances:  relative=0.9, absolute=1e-50, divergence=10000
  left preconditioning
  using PRECONDITIONED norm type for convergence test
PC Object:(Metos3DNewton_) 64 MPI processes
  type: none
  linear system matrix = precond matrix:
  Matrix Object:   64 MPI processes
    type: mffd
    rows=210996, cols=210996
      Matrix-free approximation:
        err=1.49012e-08 (relative error in function evaluation)
        Using wp compute h routine
            Does not compute normU
      Line search: gnorm after quadratic fit 1.521252808003e+00
      Line search: Cubic step no good, shrinking lambda, current gnorm 1.504292253880e+00 lambda=1.0000000000000002e-02
      Line search: Cubic step no good, shrinking lambda, current gnorm 1.460579286719e+00 lambda=1.0000000000000002e-03
      Line search: Cubically determined step, current gnorm 1.054184202187e+00 lambda=1.0000000000000003e-04
 42 SNES Function norm 1.054184202187e+00 
    Residual norms for Metos3DNewton_ solve.
    0 KSP Residual norm 1.054184202187e+00 
    1 KSP Residual norm 1.003554523866e+00 
    2 KSP Residual norm 8.850506127392e-01 
KSP Object:(Metos3DNewton_) 64 MPI processes
  type: gmres
    GMRES: restart=30, using Classical (unmodified) Gram-Schmidt Orthogonalization with no iterative refinement
    GMRES: happy breakdown tolerance 1e-30
  maximum iterations=10000, initial guess is zero
  tolerances:  relative=0.9, absolute=1e-50, divergence=10000
  left preconditioning
  using PRECONDITIONED norm type for convergence test
PC Object:(Metos3DNewton_) 64 MPI processes
  type: none
  linear system matrix = precond matrix:
  Matrix Object:   64 MPI processes
    type: mffd
    rows=210996, cols=210996
      Matrix-free approximation:
        err=1.49012e-08 (relative error in function evaluation)
        Using wp compute h routine
            Does not compute normU
      Line search: gnorm after quadratic fit 1.520808071537e+00
      Line search: Cubic step no good, shrinking lambda, current gnorm 1.504481664552e+00 lambda=1.0000000000000002e-02
      Line search: Cubic step no good, shrinking lambda, current gnorm 1.463324523251e+00 lambda=1.0000000000000002e-03
      Line search: Cubically determined step, current gnorm 1.054153504200e+00 lambda=1.0000000000000003e-04
 43 SNES Function norm 1.054153504200e+00 
    Residual norms for Metos3DNewton_ solve.
    0 KSP Residual norm 1.054153504200e+00 
    1 KSP Residual norm 1.003330948659e+00 
    2 KSP Residual norm 8.852878466223e-01 
KSP Object:(Metos3DNewton_) 64 MPI processes
  type: gmres
    GMRES: restart=30, using Classical (unmodified) Gram-Schmidt Orthogonalization with no iterative refinement
    GMRES: happy breakdown tolerance 1e-30
  maximum iterations=10000, initial guess is zero
  tolerances:  relative=0.9, absolute=1e-50, divergence=10000
  left preconditioning
  using PRECONDITIONED norm type for convergence test
PC Object:(Metos3DNewton_) 64 MPI processes
  type: none
  linear system matrix = precond matrix:
  Matrix Object:   64 MPI processes
    type: mffd
    rows=210996, cols=210996
      Matrix-free approximation:
        err=1.49012e-08 (relative error in function evaluation)
        Using wp compute h routine
            Does not compute normU
      Line search: gnorm after quadratic fit 1.519775860189e+00
      Line search: Cubic step no good, shrinking lambda, current gnorm 1.504671897407e+00 lambda=1.0000000000000002e-02
      Line search: Cubic step no good, shrinking lambda, current gnorm 1.465773516808e+00 lambda=1.0000000000000002e-03
      Line search: Cubically determined step, current gnorm 1.054121362078e+00 lambda=1.0000000000000003e-04
 44 SNES Function norm 1.054121362078e+00 
    Residual norms for Metos3DNewton_ solve.
    0 KSP Residual norm 1.054121362078e+00 
    1 KSP Residual norm 1.005001394806e+00 
    2 KSP Residual norm 8.887117023754e-01 
KSP Object:(Metos3DNewton_) 64 MPI processes
  type: gmres
    GMRES: restart=30, using Classical (unmodified) Gram-Schmidt Orthogonalization with no iterative refinement
    GMRES: happy breakdown tolerance 1e-30
  maximum iterations=10000, initial guess is zero
  tolerances:  relative=0.9, absolute=1e-50, divergence=10000
  left preconditioning
  using PRECONDITIONED norm type for convergence test
PC Object:(Metos3DNewton_) 64 MPI processes
  type: none
  linear system matrix = precond matrix:
  Matrix Object:   64 MPI processes
    type: mffd
    rows=210996, cols=210996
      Matrix-free approximation:
        err=1.49012e-08 (relative error in function evaluation)
        Using wp compute h routine
            Does not compute normU
      Line search: gnorm after quadratic fit 1.518255233966e+00
      Line search: Cubic step no good, shrinking lambda, current gnorm 1.504848142235e+00 lambda=1.0000000000000002e-02
      Line search: Cubic step no good, shrinking lambda, current gnorm 1.467972453301e+00 lambda=1.0000000000000002e-03
      Line search: Cubic step no good, shrinking lambda, current gnorm 1.407044251555e+00 lambda=1.0000000000000003e-04
      Line search: Cubically determined step, current gnorm 1.054118329786e+00 lambda=1.0000000000000004e-05
 45 SNES Function norm 1.054118329786e+00 
    Residual norms for Metos3DNewton_ solve.
    0 KSP Residual norm 1.054118329786e+00 
    1 KSP Residual norm 1.005261844277e+00 
    2 KSP Residual norm 8.904601965273e-01 
KSP Object:(Metos3DNewton_) 64 MPI processes
  type: gmres
    GMRES: restart=30, using Classical (unmodified) Gram-Schmidt Orthogonalization with no iterative refinement
    GMRES: happy breakdown tolerance 1e-30
  maximum iterations=10000, initial guess is zero
  tolerances:  relative=0.9, absolute=1e-50, divergence=10000
  left preconditioning
  using PRECONDITIONED norm type for convergence test
PC Object:(Metos3DNewton_) 64 MPI processes
  type: none
  linear system matrix = precond matrix:
  Matrix Object:   64 MPI processes
    type: mffd
    rows=210996, cols=210996
      Matrix-free approximation:
        err=1.49012e-08 (relative error in function evaluation)
        Using wp compute h routine
            Does not compute normU
      Line search: gnorm after quadratic fit 1.517392491340e+00
      Line search: Cubic step no good, shrinking lambda, current gnorm 1.504811404101e+00 lambda=1.0000000000000002e-02
      Line search: Cubic step no good, shrinking lambda, current gnorm 1.468177138769e+00 lambda=1.0000000000000002e-03
      Line search: Cubic step no good, shrinking lambda, current gnorm 1.412122453354e+00 lambda=1.0000000000000003e-04
      Line search: Cubically determined step, current gnorm 1.054115326389e+00 lambda=1.0000000000000004e-05
 46 SNES Function norm 1.054115326389e+00 
    Residual norms for Metos3DNewton_ solve.
    0 KSP Residual norm 1.054115326389e+00 
    1 KSP Residual norm 1.005569028077e+00 
    2 KSP Residual norm 8.929407690351e-01 
KSP Object:(Metos3DNewton_) 64 MPI processes
  type: gmres
    GMRES: restart=30, using Classical (unmodified) Gram-Schmidt Orthogonalization with no iterative refinement
    GMRES: happy breakdown tolerance 1e-30
  maximum iterations=10000, initial guess is zero
  tolerances:  relative=0.9, absolute=1e-50, divergence=10000
  left preconditioning
  using PRECONDITIONED norm type for convergence test
PC Object:(Metos3DNewton_) 64 MPI processes
  type: none
  linear system matrix = precond matrix:
  Matrix Object:   64 MPI processes
    type: mffd
    rows=210996, cols=210996
      Matrix-free approximation:
        err=1.49012e-08 (relative error in function evaluation)
        Using wp compute h routine
            Does not compute normU
      Line search: gnorm after quadratic fit 1.516331138293e+00
      Line search: Cubic step no good, shrinking lambda, current gnorm 1.504703331056e+00 lambda=1.0000000000000002e-02
      Line search: Cubic step no good, shrinking lambda, current gnorm 1.468300315941e+00 lambda=1.0000000000000002e-03
      Line search: Cubic step no good, shrinking lambda, current gnorm 1.415958752264e+00 lambda=1.0000000000000003e-04
      Line search: Cubically determined step, current gnorm 1.054112380101e+00 lambda=1.0000000000000004e-05
 47 SNES Function norm 1.054112380101e+00 
    Residual norms for Metos3DNewton_ solve.
    0 KSP Residual norm 1.054112380101e+00 
    1 KSP Residual norm 1.006221881032e+00 
    2 KSP Residual norm 8.985091528578e-01 
KSP Object:(Metos3DNewton_) 64 MPI processes
  type: gmres
    GMRES: restart=30, using Classical (unmodified) Gram-Schmidt Orthogonalization with no iterative refinement
    GMRES: happy breakdown tolerance 1e-30
  maximum iterations=10000, initial guess is zero
  tolerances:  relative=0.9, absolute=1e-50, divergence=10000
  left preconditioning
  using PRECONDITIONED norm type for convergence test
PC Object:(Metos3DNewton_) 64 MPI processes
  type: none
  linear system matrix = precond matrix:
  Matrix Object:   64 MPI processes
    type: mffd
    rows=210996, cols=210996
      Matrix-free approximation:
        err=1.49012e-08 (relative error in function evaluation)
        Using wp compute h routine
            Does not compute normU
      Line search: gnorm after quadratic fit 1.514593638847e+00
      Line search: Cubic step no good, shrinking lambda, current gnorm 1.504436991060e+00 lambda=1.0000000000000002e-02
      Line search: Cubic step no good, shrinking lambda, current gnorm 1.468274252652e+00 lambda=1.0000000000000002e-03
      Line search: Cubic step no good, shrinking lambda, current gnorm 1.418882576053e+00 lambda=1.0000000000000003e-04
      Line search: Cubically determined step, current gnorm 1.054109542084e+00 lambda=1.0000000000000004e-05
 48 SNES Function norm 1.054109542084e+00 
    Residual norms for Metos3DNewton_ solve.
    0 KSP Residual norm 1.054109542084e+00 
    1 KSP Residual norm 1.007308423085e+00 
    2 KSP Residual norm 9.093855131329e-01 
KSP Object:(Metos3DNewton_) 64 MPI processes
  type: gmres
    GMRES: restart=30, using Classical (unmodified) Gram-Schmidt Orthogonalization with no iterative refinement
    GMRES: happy breakdown tolerance 1e-30
  maximum iterations=10000, initial guess is zero
  tolerances:  relative=0.9, absolute=1e-50, divergence=10000
  left preconditioning
  using PRECONDITIONED norm type for convergence test
PC Object:(Metos3DNewton_) 64 MPI processes
  type: none
  linear system matrix = precond matrix:
  Matrix Object:   64 MPI processes
    type: mffd
    rows=210996, cols=210996
      Matrix-free approximation:
        err=1.49012e-08 (relative error in function evaluation)
        Using wp compute h routine
            Does not compute normU
      Line search: gnorm after quadratic fit 1.512194327552e+00
      Line search: Cubic step no good, shrinking lambda, current gnorm 1.503760552147e+00 lambda=1.0000000000000002e-02
      Line search: Cubic step no good, shrinking lambda, current gnorm 1.467768678538e+00 lambda=1.0000000000000002e-03
      Line search: Cubic step no good, shrinking lambda, current gnorm 1.420682615156e+00 lambda=1.0000000000000003e-04
      Line search: Cubically determined step, current gnorm 1.054106932743e+00 lambda=1.0000000000000004e-05
 49 SNES Function norm 1.054106932743e+00 
    Residual norms for Metos3DNewton_ solve.
    0 KSP Residual norm 1.054106932743e+00 
    1 KSP Residual norm 1.010025936194e+00 
    2 KSP Residual norm 9.397301767095e-01 
KSP Object:(Metos3DNewton_) 64 MPI processes
  type: gmres
    GMRES: restart=30, using Classical (unmodified) Gram-Schmidt Orthogonalization with no iterative refinement
    GMRES: happy breakdown tolerance 1e-30
  maximum iterations=10000, initial guess is zero
  tolerances:  relative=0.9, absolute=1e-50, divergence=10000
  left preconditioning
  using PRECONDITIONED norm type for convergence test
PC Object:(Metos3DNewton_) 64 MPI processes
  type: none
  linear system matrix = precond matrix:
  Matrix Object:   64 MPI processes
    type: mffd
    rows=210996, cols=210996
      Matrix-free approximation:
        err=1.49012e-08 (relative error in function evaluation)
        Using wp compute h routine
            Does not compute normU
      Line search: gnorm after quadratic fit 1.508695339295e+00
      Line search: Cubic step no good, shrinking lambda, current gnorm 1.501147032554e+00 lambda=1.0000000000000002e-02
      Line search: Cubic step no good, shrinking lambda, current gnorm 1.464858180628e+00 lambda=1.0000000000000002e-03
      Line search: Cubic step no good, shrinking lambda, current gnorm 1.419071780120e+00 lambda=1.0000000000000003e-04
      Line search: Cubically determined step, current gnorm 1.054104917793e+00 lambda=1.0000000000000004e-05
 50 SNES Function norm 1.054104917793e+00 
SNES Object:(Metos3DNewton_) 64 MPI processes
  type: ls
  maximum iterations=50, maximum function evaluations=10000
  tolerances: relative=1e-08, absolute=1e-50, solution=1e-08
  total number of linear solver iterations=133
  total number of function evaluations=346
  Eisenstat-Walker computation of KSP relative tolerance (version 2)
    rtol_0=0.3, rtol_max=0.9, threshold=0.1
    gamma=1, alpha=1.61803, alpha2=1.61803
  KSP Object:  (Metos3DNewton_)   64 MPI processes
    type: gmres
      GMRES: restart=30, using Classical (unmodified) Gram-Schmidt Orthogonalization with no iterative refinement
      GMRES: happy breakdown tolerance 1e-30
    maximum iterations=10000, initial guess is zero
    tolerances:  relative=0.9, absolute=1e-50, divergence=10000
    left preconditioning
    using PRECONDITIONED norm type for convergence test
  PC Object:  (Metos3DNewton_)   64 MPI processes
    type: none
    linear system matrix = precond matrix:
    Matrix Object:     64 MPI processes
      type: mffd
      rows=210996, cols=210996
        Matrix-free approximation:
          err=1.49012e-08 (relative error in function evaluation)
          Using wp compute h routine
              Does not compute normU
  SNESLineSearch Object:  (Metos3DNewton_)   64 MPI processes
    type: bt
      interpolation: cubic
      alpha=1.000000e-04
    maxstep=1.000000e+08, minlambda=1.000000e-12
    tolerances: relative=1.000000e-08, absolute=1.000000e-15, lambda=1.000000e-08
    maximum iterations=40
     981.631s Metos3DSolver
     981.633s Metos3DFinal

%NQSII(INFO): ------- Output from job:0001 -------

%NQSII(INFO): ------- Output from job:0002 -------

%NQSII(INFO): ------- Output from job:0003 -------
