       1.228s Metos3DInitWithFilePath                           filePath: option/profile.NPZD-DOP.option            
     194.630s 0000 Spinup Function norm 1.716468858408e+02 3.697249840370e+08
     194.141s 0001 Spinup Function norm 3.326741065137e+01 8.644447182227e+07
     194.118s 0002 Spinup Function norm 1.319611511407e+01 3.731939440771e+07
     194.013s 0003 Spinup Function norm 6.908398212762e+00 2.050597805711e+07
     193.993s 0004 Spinup Function norm 4.400790140361e+00 1.329561430434e+07
     193.996s 0005 Spinup Function norm 3.290612311330e+00 9.958102289700e+06
     193.996s 0006 Spinup Function norm 2.737135765904e+00 8.290946227650e+06
     193.996s 0007 Spinup Function norm 2.414086348254e+00 7.351092166502e+06
     193.991s 0008 Spinup Function norm 2.195306895929e+00 6.742999385292e+06
     194.002s 0009 Spinup Function norm 2.030560259499e+00 6.301220371641e+06

### ERROR:
### ERROR: Please provide the '-Metos3DTracerOutputDirectory' option
### ERROR:

************************************************************************************************************************
***             WIDEN YOUR WINDOW TO 120 CHARACTERS.  Use 'enscript -r -fCourier9' to print this document            ***
************************************************************************************************************************

---------------------------------------------- PETSc Performance Summary: ----------------------------------------------

./metos3d-simpack-NPZD-DOP.exe on a linux-intel-opt named neshcl132 with 1 processor, by sunip194 Wed Jan 27 13:52:02 2016
Using Petsc Release Version 3.3.0, Patch 4, Fri Oct 26 10:46:51 CDT 2012 

                         Max       Max/Min        Avg      Total 
Time (sec):           1.942e+03      1.00000   1.942e+03
Objects:              1.680e+02      1.00000   1.680e+02
Flops:                1.927e+12      1.00000   1.927e+12  1.927e+12
Flops/sec:            9.920e+08      1.00000   9.920e+08  9.920e+08
MPI Messages:         0.000e+00      0.00000   0.000e+00  0.000e+00
MPI Message Lengths:  0.000e+00      0.00000   0.000e+00  0.000e+00
MPI Reductions:       3.020e+02      1.00000

Flop counting convention: 1 flop = 1 real number operation of type (multiply/divide/add/subtract)
                            e.g., VecAXPY() for real vectors of length N --> 2N flops
                            and VecAXPY() for complex vectors of length N --> 8N flops

Summary of Stages:   ----- Time ------  ----- Flops -----  --- Messages ---  -- Message Lengths --  -- Reductions --
                        Avg     %Total     Avg     %Total   counts   %Total     Avg         %Total   counts   %Total 
 0:      Main Stage: 1.9421e+03 100.0%  1.9266e+12 100.0%  0.000e+00   0.0%  0.000e+00        0.0%  3.010e+02  99.7% 

------------------------------------------------------------------------------------------------------------------------
See the 'Profiling' chapter of the users' manual for details on interpreting output.
Phase summary info:
   Count: number of times phase was executed
   Time and Flops: Max - maximum over all processors
                   Ratio - ratio of maximum to minimum over all processors
   Mess: number of messages sent
   Avg. len: average message length
   Reduct: number of global reductions
   Global: entire computation
   Stage: stages of a computation. Set stages with PetscLogStagePush() and PetscLogStagePop().
      %T - percent time in this phase         %f - percent flops in this phase
      %M - percent messages in this phase     %L - percent message lengths in this phase
      %R - percent reductions in this phase
   Total Mflop/s: 10e-6 * (sum of flops over all processors)/(max time over all processors)
------------------------------------------------------------------------------------------------------------------------
Event                Count      Time (sec)     Flops                             --- Global ---  --- Stage ---   Total
                   Max Ratio  Max     Ratio   Max  Ratio  Mess   Avg len Reduct  %T %f %M %L %R  %T %f %M %L %R Mflop/s
------------------------------------------------------------------------------------------------------------------------

--- Event Stage 0: Main Stage

PetscBarrier          21 1.0 2.8133e-05 1.0 0.00e+00 0.0 0.0e+00 0.0e+00 0.0e+00  0  0  0  0  0   0  0  0  0  0     0
MatMult           288000 1.0 1.0999e+03 1.0 1.74e+12 1.0 0.0e+00 0.0e+00 0.0e+00 57 90  0  0  0  57 90  0  0  0  1578
MatCopy            57600 1.0 2.5029e+02 1.0 0.00e+00 0.0 0.0e+00 0.0e+00 0.0e+00 13  0  0  0  0  13  0  0  0  0     0
MatConvert             2 1.0 2.8844e-02 1.0 0.00e+00 0.0 0.0e+00 0.0e+00 0.0e+00  0  0  0  0  0   0  0  0  0  0     0
MatScale           57600 1.0 1.5135e+02 1.0 1.75e+11 1.0 0.0e+00 0.0e+00 0.0e+00  8  9  0  0  0   8  9  0  0  0  1157
MatAssemblyBegin      25 1.0 1.7166e-05 1.0 0.00e+00 0.0 0.0e+00 0.0e+00 0.0e+00  0  0  0  0  0   0  0  0  0  0     0
MatAssemblyEnd        25 1.0 7.3158e-02 1.0 0.00e+00 0.0 0.0e+00 0.0e+00 0.0e+00  0  0  0  0  0   0  0  0  0  0     0
MatGetRow            128 1.0 1.2159e-05 1.0 0.00e+00 0.0 0.0e+00 0.0e+00 0.0e+00  0  0  0  0  0   0  0  0  0  0     0
MatLoad               25 1.0 9.6306e-01 1.0 0.00e+00 0.0 0.0e+00 0.0e+00 5.0e+01  0  0  0  0 17   0  0  0  0 17     0
MatAXPY            57600 1.0 2.8989e+02 1.0 0.00e+00 0.0 0.0e+00 0.0e+00 0.0e+00 15  0  0  0  0  15  0  0  0  0     0
VecNorm               20 1.0 2.2848e-03 1.0 1.05e+07 1.0 0.0e+00 0.0e+00 2.0e+01  0  0  0  0  7   0  0  0  0  7  4617
VecScale          115280 1.0 8.9295e-02 1.0 1.28e+08 1.0 0.0e+00 0.0e+00 0.0e+00  0  0  0  0  0   0  0  0  0  0  1436
VecCopy           259340 1.0 1.5877e+01 1.0 0.00e+00 0.0 0.0e+00 0.0e+00 0.0e+00  1  0  0  0  0   1  0  0  0  0     0
VecSet             28867 1.0 8.4562e+00 1.0 0.00e+00 0.0 0.0e+00 0.0e+00 0.0e+00  0  0  0  0  0   0  0  0  0  0     0
VecAXPY           259290 1.0 1.3301e+01 1.0 1.55e+10 1.0 0.0e+00 0.0e+00 0.0e+00  1  1  0  0  0   1  1  0  0  0  1162
VecAssemblyBegin      62 1.0 2.5678e-04 1.0 0.00e+00 0.0 0.0e+00 0.0e+00 1.8e+02  0  0  0  0 61   0  0  0  0 61     0
VecAssemblyEnd        62 1.0 2.5988e-05 1.0 0.00e+00 0.0 0.0e+00 0.0e+00 0.0e+00  0  0  0  0  0   0  0  0  0  0     0
VecPointwiseMult      10 1.0 3.8652e-03 1.0 2.64e+06 1.0 0.0e+00 0.0e+00 0.0e+00  0  0  0  0  0   0  0  0  0  0   682
VecLoad               16 1.0 2.0068e-03 1.0 0.00e+00 0.0 0.0e+00 0.0e+00 4.5e+01  0  0  0  0 15   0  0  0  0 15     0
VecScatterBegin        5 1.0 2.4104e-04 1.0 0.00e+00 0.0 0.0e+00 0.0e+00 0.0e+00  0  0  0  0  0   0  0  0  0  0     0
BGCStep            28800 1.0 1.2576e+02 1.0 3.84e+08 1.0 0.0e+00 0.0e+00 0.0e+00  6  0  0  0  0   6  0  0  0  0     3
TimeStepPhi           10 1.0 1.9409e+03 1.0 1.93e+12 1.0 0.0e+00 0.0e+00 0.0e+00100100  0  0  0 100100  0  0  0   993
------------------------------------------------------------------------------------------------------------------------

Memory usage is given in bytes:

Object Type          Creations   Destructions     Memory  Descendants' Mem.
Reports information only for process 0.

--- Event Stage 0: Main Stage

              Matrix    27              1        56988     0
              Viewer    42             41        29520     0
              Vector    97             50     21174400     0
      Vector Scatter     1              1          620     0
           Index Set     1              1          736     0
========================================================================================================================
Average time to get PetscTime(): 9.53674e-08
#PETSc Option Table entries:
-Metos3DBoundaryConditionCount 2
-Metos3DBoundaryConditionInputDirectory data/TMM/2.8/Forcing/BoundaryCondition/
-Metos3DBoundaryConditionName Latitude,IceCover
-Metos3DDebugLevel 1
-Metos3DDomainConditionCount 2
-Metos3DDomainConditionInputDirectory data/TMM/2.8/Forcing/DomainCondition/
-Metos3DDomainConditionName LayerDepth,LayerHeight
-Metos3DGeometryType Profile
-Metos3DIceCoverCount 12
-Metos3DIceCoverFileFormat fice_$02d.petsc
-Metos3DLatitudeCount 1
-Metos3DLatitudeFileFormat latitude.petsc
-Metos3DLayerDepthCount 1
-Metos3DLayerDepthFileFormat z.petsc
-Metos3DLayerHeightCount 1
-Metos3DLayerHeightFileFormat dz.petsc
-Metos3DMatrixCount 12
-Metos3DMatrixExplicitFileFormat Ae_$02d.petsc
-Metos3DMatrixImplicitFileFormat Ai_$02d.petsc
-Metos3DMatrixInputDirectory data/TMM/2.8/Transport/Matrix5_4/1dt/
-Metos3DParameterCount 18
-Metos3DParameterValue 0.02,0.48,2.0,2.0,0.5,0.088,30.0,0.75,0.67,0.04,0.03,3.2,0.01,0.01,0.05,0.5,0.058,0.0
-Metos3DProfileIndexEndFile gEndIndices.bin
-Metos3DProfileIndexStartFile gStartIndices.bin
-Metos3DProfileInputDirectory data/TMM/2.8/Geometry/
-Metos3DProfileMaskFile landSeaMask.petsc
-Metos3DProfileVolumeFile volumes.petsc
-Metos3DSolverType Spinup
-Metos3DSpinupCount 10
-Metos3DSpinupMonitor
-Metos3DTimeStep 0.0003472222222222
-Metos3DTimeStepCount 2880
-Metos3DTimeStepStart 0.0
-Metos3DTracerCount 5
-Metos3DTracerInitValue 2.17e+0,1.e-4,1.e-4,1.e-4,1.e-4
-Metos3DTransportType Matrix
-log_summary
#End of PETSc Option Table entries
Compiled without FORTRAN kernels
Compiled with full precision matrices (default)
sizeof(short) 2 sizeof(int) 4 sizeof(long) 8 sizeof(void*) 8 sizeof(PetscScalar) 8 sizeof(PetscInt) 4
Configure run at: Thu Dec 18 09:45:10 2014
Configure options: PETSC_DIR=/sfs/fs3/sw/petsc/petsc-3.3-p4 PETSC_ARCH=linux-intel-opt --with-gnu-compilers=0 --with-c++-support=1 --with-c-support=1 --with-fortran=1 --CXX=mpiicpc --CC=mpiicc --FC=mpiifort --with-blas-lapack-dir=/opt/intel/mkl/lib/intel64 --with-debugging=0
-----------------------------------------
Libraries compiled on Thu Dec 18 09:45:10 2014 on nesh-fe2 
Machine characteristics: Linux-2.6.32-358.18.1.el6.x86_64-x86_64-with-redhat-6.4-Santiago
Using PETSc directory: /sfs/fs3/sw/petsc/petsc-3.3-p4
Using PETSc arch: linux-intel-opt
-----------------------------------------

Using C compiler: mpiicc  -wd1572 -O3  ${COPTFLAGS} ${CFLAGS}
Using Fortran compiler: mpiifort  -O3   ${FOPTFLAGS} ${FFLAGS} 
-----------------------------------------

Using include paths: -I/sfs/fs3/sw/petsc/petsc-3.3-p4/linux-intel-opt/include -I/sfs/fs3/sw/petsc/petsc-3.3-p4/include -I/sfs/fs3/sw/petsc/petsc-3.3-p4/include -I/sfs/fs3/sw/petsc/petsc-3.3-p4/linux-intel-opt/include -I/opt/intel//impi/4.1.1.036/intel64/include
-----------------------------------------

Using C linker: mpiicc
Using Fortran linker: mpiifort
Using libraries: -Wl,-rpath,/sfs/fs3/sw/petsc/petsc-3.3-p4/linux-intel-opt/lib -L/sfs/fs3/sw/petsc/petsc-3.3-p4/linux-intel-opt/lib -lpetsc -lX11 -lpthread -Wl,-rpath,/opt/intel/mkl/lib/intel64 -L/opt/intel/mkl/lib/intel64 -lmkl_intel_lp64 -lmkl_intel_thread -lmkl_core -liomp5 -lpthread -L/opt/intel/impi/4.1.1.036/intel64/lib -L/opt/intel/composer_xe_2013_sp1.0.080/compiler/lib/intel64 -L/opt/intel/composer_xe_2013_sp1.0.080/ipp/lib/intel64 -L/opt/intel/composer_xe_2013_sp1.0.080/mkl/lib/intel64 -L/opt/intel/composer_xe_2013_sp1.0.080/tbb/lib/intel64/gcc4.4 -L/usr/lib/gcc/x86_64-redhat-linux/4.4.7 -Wl,-rpath,/sfs/fs3/sw/petsc/petsc-3.3-p4/-Xlinker -Wl,-rpath,/opt/intel/impi/4.1.1.036/intel64/lib -Wl,-rpath,/opt/intel/mpi-rt/4.1 -lifport -lifcore -lm -lm -lmpigc4 -ldl -lmpigf -lmpi -lmpigi -lrt -lpthread -limf -lsvml -lirng -lipgo -ldecimal -lcilkrts -lstdc++ -lgcc_s -lirc -lirc_s -ldl 
-----------------------------------------

