       1.071s Metos3DInitWithFilePath                           filePath: option/profile.NPZ-DOP.option             
     185.696s 0000 Spinup Function norm 1.682323150019e+02 3.613414234103e+08
     185.601s 0001 Spinup Function norm 3.304066163311e+01 8.628509632119e+07
     185.586s 0002 Spinup Function norm 1.373790642998e+01 3.910383715235e+07
     185.501s 0003 Spinup Function norm 7.905647957466e+00 2.352264053286e+07
     185.460s 0004 Spinup Function norm 5.557351803484e+00 1.684319121692e+07
     185.489s 0005 Spinup Function norm 4.437076693066e+00 1.357838088188e+07
     185.484s 0006 Spinup Function norm 3.804440021264e+00 1.175209355014e+07
     185.495s 0007 Spinup Function norm 3.389141985292e+00 1.057866820496e+07
     185.498s 0008 Spinup Function norm 3.084951298420e+00 9.734933653319e+06
     185.495s 0009 Spinup Function norm 2.845574682957e+00 9.078915375840e+06

### ERROR:
### ERROR: Please provide the '-Metos3DTracerOutputDirectory' option
### ERROR:

************************************************************************************************************************
***             WIDEN YOUR WINDOW TO 120 CHARACTERS.  Use 'enscript -r -fCourier9' to print this document            ***
************************************************************************************************************************

---------------------------------------------- PETSc Performance Summary: ----------------------------------------------

./metos3d-simpack-NPZ-DOP.exe on a linux-intel-opt named neshcl132 with 1 processor, by sunip194 Wed Jan 27 13:19:07 2016
Using Petsc Release Version 3.3.0, Patch 4, Fri Oct 26 10:46:51 CDT 2012 

                         Max       Max/Min        Avg      Total 
Time (sec):           1.856e+03      1.00000   1.856e+03
Objects:              1.540e+02      1.00000   1.540e+02
Flops:                1.576e+12      1.00000   1.576e+12  1.576e+12
Flops/sec:            8.492e+08      1.00000   8.492e+08  8.492e+08
MPI Messages:         0.000e+00      0.00000   0.000e+00  0.000e+00
MPI Message Lengths:  0.000e+00      0.00000   0.000e+00  0.000e+00
MPI Reductions:       2.860e+02      1.00000

Flop counting convention: 1 flop = 1 real number operation of type (multiply/divide/add/subtract)
                            e.g., VecAXPY() for real vectors of length N --> 2N flops
                            and VecAXPY() for complex vectors of length N --> 8N flops

Summary of Stages:   ----- Time ------  ----- Flops -----  --- Messages ---  -- Message Lengths --  -- Reductions --
                        Avg     %Total     Avg     %Total   counts   %Total     Avg         %Total   counts   %Total 
 0:      Main Stage: 1.8564e+03 100.0%  1.5764e+12 100.0%  0.000e+00   0.0%  0.000e+00        0.0%  2.850e+02  99.7% 

------------------------------------------------------------------------------------------------------------------------
See the 'Profiling' chapter of the users' manual for details on interpreting output.
Phase summary info:
   Count: number of times phase was executed
   Time and Flops: Max - maximum over all processors
                   Ratio - ratio of maximum to minimum over all processors
   Mess: number of messages sent
   Avg. len: average message length
   Reduct: number of global reductions
   Global: entire computation
   Stage: stages of a computation. Set stages with PetscLogStagePush() and PetscLogStagePop().
      %T - percent time in this phase         %f - percent flops in this phase
      %M - percent messages in this phase     %L - percent message lengths in this phase
      %R - percent reductions in this phase
   Total Mflop/s: 10e-6 * (sum of flops over all processors)/(max time over all processors)
------------------------------------------------------------------------------------------------------------------------
Event                Count      Time (sec)     Flops                             --- Global ---  --- Stage ---   Total
                   Max Ratio  Max     Ratio   Max  Ratio  Mess   Avg len Reduct  %T %f %M %L %R  %T %f %M %L %R Mflop/s
------------------------------------------------------------------------------------------------------------------------

--- Event Stage 0: Main Stage

PetscBarrier          21 1.0 2.8133e-05 1.0 0.00e+00 0.0 0.0e+00 0.0e+00 0.0e+00  0  0  0  0  0   0  0  0  0  0     0
MatMult           230400 1.0 8.8172e+02 1.0 1.39e+12 1.0 0.0e+00 0.0e+00 0.0e+00 47 88  0  0  0  47 88  0  0  0  1575
MatCopy            57600 1.0 2.5105e+02 1.0 0.00e+00 0.0 0.0e+00 0.0e+00 0.0e+00 14  0  0  0  0  14  0  0  0  0     0
MatConvert             2 1.0 2.8835e-02 1.0 0.00e+00 0.0 0.0e+00 0.0e+00 0.0e+00  0  0  0  0  0   0  0  0  0  0     0
MatScale           57600 1.0 1.5172e+02 1.0 1.75e+11 1.0 0.0e+00 0.0e+00 0.0e+00  8 11  0  0  0   8 11  0  0  0  1154
MatAssemblyBegin      25 1.0 3.8147e-06 1.0 0.00e+00 0.0 0.0e+00 0.0e+00 0.0e+00  0  0  0  0  0   0  0  0  0  0     0
MatAssemblyEnd        25 1.0 6.8925e-02 1.0 0.00e+00 0.0 0.0e+00 0.0e+00 0.0e+00  0  0  0  0  0   0  0  0  0  0     0
MatGetRow            128 1.0 6.1989e-06 1.0 0.00e+00 0.0 0.0e+00 0.0e+00 0.0e+00  0  0  0  0  0   0  0  0  0  0     0
MatLoad               25 1.0 9.5650e-01 1.0 0.00e+00 0.0 0.0e+00 0.0e+00 5.0e+01  0  0  0  0 17   0  0  0  0 18     0
MatAXPY            57600 1.0 2.9025e+02 1.0 0.00e+00 0.0 0.0e+00 0.0e+00 0.0e+00 16  0  0  0  0  16  0  0  0  0     0
VecNorm               20 1.0 1.8489e-03 1.0 8.44e+06 1.0 0.0e+00 0.0e+00 2.0e+01  0  0  0  0  7   0  0  0  0  7  4565
VecScale          115280 1.0 7.9201e-02 1.0 1.28e+08 1.0 0.0e+00 0.0e+00 0.0e+00  0  0  0  0  0   0  0  0  0  0  1619
VecCopy           230530 1.0 1.3766e+01 1.0 0.00e+00 0.0 0.0e+00 0.0e+00 0.0e+00  1  0  0  0  0   1  0  0  0  0     0
VecSet             28863 1.0 6.7621e+00 1.0 0.00e+00 0.0 0.0e+00 0.0e+00 0.0e+00  0  0  0  0  0   0  0  0  0  0     0
VecAXPY           230490 1.0 1.0746e+01 1.0 1.24e+10 1.0 0.0e+00 0.0e+00 0.0e+00  1  1  0  0  0   1  1  0  0  0  1155
VecAssemblyBegin      58 1.0 2.2149e-04 1.0 0.00e+00 0.0 0.0e+00 0.0e+00 1.7e+02  0  0  0  0 60   0  0  0  0 60     0
VecAssemblyEnd        58 1.0 2.7418e-05 1.0 0.00e+00 0.0 0.0e+00 0.0e+00 0.0e+00  0  0  0  0  0   0  0  0  0  0     0
VecPointwiseMult      10 1.0 3.1292e-03 1.0 2.11e+06 1.0 0.0e+00 0.0e+00 0.0e+00  0  0  0  0  0   0  0  0  0  0   674
VecLoad               16 1.0 2.2624e-03 1.0 0.00e+00 0.0 0.0e+00 0.0e+00 4.5e+01  0  0  0  0 16   0  0  0  0 16     0
VecScatterBegin        4 1.0 1.9813e-04 1.0 0.00e+00 0.0 0.0e+00 0.0e+00 0.0e+00  0  0  0  0  0   0  0  0  0  0     0
BGCStep            28800 1.0 2.6166e+02 1.0 3.84e+08 1.0 0.0e+00 0.0e+00 0.0e+00 14  0  0  0  0  14  0  0  0  0     1
TimeStepPhi           10 1.0 1.8553e+03 1.0 1.58e+12 1.0 0.0e+00 0.0e+00 0.0e+00100100  0  0  0 100100  0  0  0   850
------------------------------------------------------------------------------------------------------------------------

Memory usage is given in bytes:

Object Type          Creations   Destructions     Memory  Descendants' Mem.
Reports information only for process 0.

--- Event Stage 0: Main Stage

              Matrix    27              1        56988     0
              Viewer    42             41        29520     0
              Vector    83             40     16939520     0
      Vector Scatter     1              1          620     0
           Index Set     1              1          736     0
========================================================================================================================
Average time to get PetscTime(): 9.53674e-08
#PETSc Option Table entries:
-Metos3DBoundaryConditionCount 2
-Metos3DBoundaryConditionInputDirectory data/TMM/2.8/Forcing/BoundaryCondition/
-Metos3DBoundaryConditionName Latitude,IceCover
-Metos3DDebugLevel 1
-Metos3DDomainConditionCount 2
-Metos3DDomainConditionInputDirectory data/TMM/2.8/Forcing/DomainCondition/
-Metos3DDomainConditionName LayerDepth,LayerHeight
-Metos3DGeometryType Profile
-Metos3DIceCoverCount 12
-Metos3DIceCoverFileFormat fice_$02d.petsc
-Metos3DLatitudeCount 1
-Metos3DLatitudeFileFormat latitude.petsc
-Metos3DLayerDepthCount 1
-Metos3DLayerDepthFileFormat z.petsc
-Metos3DLayerHeightCount 1
-Metos3DLayerHeightFileFormat dz.petsc
-Metos3DMatrixCount 12
-Metos3DMatrixExplicitFileFormat Ae_$02d.petsc
-Metos3DMatrixImplicitFileFormat Ai_$02d.petsc
-Metos3DMatrixInputDirectory data/TMM/2.8/Transport/Matrix5_4/1dt/
-Metos3DParameterCount 16
-Metos3DParameterValue 0.02,0.48,2.0,2.0,0.5,0.088,30.0,0.75,0.67,0.04,0.03,3.2,0.01,0.01,0.5,0.858
-Metos3DProfileIndexEndFile gEndIndices.bin
-Metos3DProfileIndexStartFile gStartIndices.bin
-Metos3DProfileInputDirectory data/TMM/2.8/Geometry/
-Metos3DProfileMaskFile landSeaMask.petsc
-Metos3DProfileVolumeFile volumes.petsc
-Metos3DSolverType Spinup
-Metos3DSpinupCount 10
-Metos3DSpinupMonitor
-Metos3DTimeStep 0.0003472222222222
-Metos3DTimeStepCount 2880
-Metos3DTimeStepStart 0.0
-Metos3DTracerCount 4
-Metos3DTracerInitValue 2.17e+0,1.e-4,1.e-4,1.e-4
-Metos3DTransportType Matrix
-log_summary
#End of PETSc Option Table entries
Compiled without FORTRAN kernels
Compiled with full precision matrices (default)
sizeof(short) 2 sizeof(int) 4 sizeof(long) 8 sizeof(void*) 8 sizeof(PetscScalar) 8 sizeof(PetscInt) 4
Configure run at: Thu Dec 18 09:45:10 2014
Configure options: PETSC_DIR=/sfs/fs3/sw/petsc/petsc-3.3-p4 PETSC_ARCH=linux-intel-opt --with-gnu-compilers=0 --with-c++-support=1 --with-c-support=1 --with-fortran=1 --CXX=mpiicpc --CC=mpiicc --FC=mpiifort --with-blas-lapack-dir=/opt/intel/mkl/lib/intel64 --with-debugging=0
-----------------------------------------
Libraries compiled on Thu Dec 18 09:45:10 2014 on nesh-fe2 
Machine characteristics: Linux-2.6.32-358.18.1.el6.x86_64-x86_64-with-redhat-6.4-Santiago
Using PETSc directory: /sfs/fs3/sw/petsc/petsc-3.3-p4
Using PETSc arch: linux-intel-opt
-----------------------------------------

Using C compiler: mpiicc  -wd1572 -O3  ${COPTFLAGS} ${CFLAGS}
Using Fortran compiler: mpiifort  -O3   ${FOPTFLAGS} ${FFLAGS} 
-----------------------------------------

Using include paths: -I/sfs/fs3/sw/petsc/petsc-3.3-p4/linux-intel-opt/include -I/sfs/fs3/sw/petsc/petsc-3.3-p4/include -I/sfs/fs3/sw/petsc/petsc-3.3-p4/include -I/sfs/fs3/sw/petsc/petsc-3.3-p4/linux-intel-opt/include -I/opt/intel//impi/4.1.1.036/intel64/include
-----------------------------------------

Using C linker: mpiicc
Using Fortran linker: mpiifort
Using libraries: -Wl,-rpath,/sfs/fs3/sw/petsc/petsc-3.3-p4/linux-intel-opt/lib -L/sfs/fs3/sw/petsc/petsc-3.3-p4/linux-intel-opt/lib -lpetsc -lX11 -lpthread -Wl,-rpath,/opt/intel/mkl/lib/intel64 -L/opt/intel/mkl/lib/intel64 -lmkl_intel_lp64 -lmkl_intel_thread -lmkl_core -liomp5 -lpthread -L/opt/intel/impi/4.1.1.036/intel64/lib -L/opt/intel/composer_xe_2013_sp1.0.080/compiler/lib/intel64 -L/opt/intel/composer_xe_2013_sp1.0.080/ipp/lib/intel64 -L/opt/intel/composer_xe_2013_sp1.0.080/mkl/lib/intel64 -L/opt/intel/composer_xe_2013_sp1.0.080/tbb/lib/intel64/gcc4.4 -L/usr/lib/gcc/x86_64-redhat-linux/4.4.7 -Wl,-rpath,/sfs/fs3/sw/petsc/petsc-3.3-p4/-Xlinker -Wl,-rpath,/opt/intel/impi/4.1.1.036/intel64/lib -Wl,-rpath,/opt/intel/mpi-rt/4.1 -lifport -lifcore -lm -lm -lmpigc4 -ldl -lmpigf -lmpi -lmpigi -lrt -lpthread -limf -lsvml -lirng -lipgo -ldecimal -lcilkrts -lstdc++ -lgcc_s -lirc -lirc_s -ldl 
-----------------------------------------

