       3.175s Metos3DInitWithFilePath                           filePath: option/profile.MITgcm-PO4-DOP.option      
     192.787s 0000 Spinup Function norm 4.328962677595e+01 9.613611127884e+07
     192.732s 0001 Spinup Function norm 2.228472721859e+01 5.261112721899e+07
     192.724s 0002 Spinup Function norm 1.286500993446e+01 3.164866344553e+07
     192.145s 0003 Spinup Function norm 8.138428852371e+00 2.080807404983e+07
     192.101s 0004 Spinup Function norm 5.684681579176e+00 1.506438498070e+07
     192.153s 0005 Spinup Function norm 4.352937815531e+00 1.189842169106e+07
     192.357s 0006 Spinup Function norm 3.581008739938e+00 1.004068222468e+07
     192.603s 0007 Spinup Function norm 3.095930779819e+00 8.860434325176e+06
     192.610s 0008 Spinup Function norm 2.764947397418e+00 8.046527223684e+06
     192.617s 0009 Spinup Function norm 2.521902280808e+00 7.443042032986e+06
    1928.061s Metos3DSolver
    1928.071s Metos3DFinal
************************************************************************************************************************
***             WIDEN YOUR WINDOW TO 120 CHARACTERS.  Use 'enscript -r -fCourier9' to print this document            ***
************************************************************************************************************************

---------------------------------------------- PETSc Performance Summary: ----------------------------------------------

./metos3d-simpack-MITgcm-PO4-DOP.exe on a linux-intel-opt named neshcl132 with 1 processor, by sunip194 Wed Jan 27 11:13:48 2016
Using Petsc Release Version 3.3.0, Patch 4, Fri Oct 26 10:46:51 CDT 2012 

                         Max       Max/Min        Avg      Total 
Time (sec):           1.928e+03      1.00000   1.928e+03
Objects:              1.280e+02      1.00000   1.280e+02
Flops:                8.759e+11      1.00000   8.759e+11  8.759e+11
Flops/sec:            4.543e+08      1.00000   4.543e+08  4.543e+08
MPI Messages:         0.000e+00      0.00000   0.000e+00  0.000e+00
MPI Message Lengths:  0.000e+00      0.00000   0.000e+00  0.000e+00
MPI Reductions:       2.540e+02      1.00000

Flop counting convention: 1 flop = 1 real number operation of type (multiply/divide/add/subtract)
                            e.g., VecAXPY() for real vectors of length N --> 2N flops
                            and VecAXPY() for complex vectors of length N --> 8N flops

Summary of Stages:   ----- Time ------  ----- Flops -----  --- Messages ---  -- Message Lengths --  -- Reductions --
                        Avg     %Total     Avg     %Total   counts   %Total     Avg         %Total   counts   %Total 
 0:      Main Stage: 1.9281e+03 100.0%  8.7594e+11 100.0%  0.000e+00   0.0%  0.000e+00        0.0%  2.530e+02  99.6% 

------------------------------------------------------------------------------------------------------------------------
See the 'Profiling' chapter of the users' manual for details on interpreting output.
Phase summary info:
   Count: number of times phase was executed
   Time and Flops: Max - maximum over all processors
                   Ratio - ratio of maximum to minimum over all processors
   Mess: number of messages sent
   Avg. len: average message length
   Reduct: number of global reductions
   Global: entire computation
   Stage: stages of a computation. Set stages with PetscLogStagePush() and PetscLogStagePop().
      %T - percent time in this phase         %f - percent flops in this phase
      %M - percent messages in this phase     %L - percent message lengths in this phase
      %R - percent reductions in this phase
   Total Mflop/s: 10e-6 * (sum of flops over all processors)/(max time over all processors)
------------------------------------------------------------------------------------------------------------------------
Event                Count      Time (sec)     Flops                             --- Global ---  --- Stage ---   Total
                   Max Ratio  Max     Ratio   Max  Ratio  Mess   Avg len Reduct  %T %f %M %L %R  %T %f %M %L %R Mflop/s
------------------------------------------------------------------------------------------------------------------------

--- Event Stage 0: Main Stage

PetscBarrier          22 1.0 2.8133e-05 1.0 0.00e+00 0.0 0.0e+00 0.0e+00 0.0e+00  0  0  0  0  0   0  0  0  0  0     0
MatMult           115200 1.0 4.4404e+02 1.0 6.94e+11 1.0 0.0e+00 0.0e+00 0.0e+00 23 79  0  0  0  23 79  0  0  0  1564
MatCopy            57600 1.0 2.5196e+02 1.0 0.00e+00 0.0 0.0e+00 0.0e+00 0.0e+00 13  0  0  0  0  13  0  0  0  0     0
MatConvert             2 1.0 3.3563e-02 1.0 0.00e+00 0.0 0.0e+00 0.0e+00 0.0e+00  0  0  0  0  0   0  0  0  0  0     0
MatScale           57600 1.0 1.5204e+02 1.0 1.75e+11 1.0 0.0e+00 0.0e+00 0.0e+00  8 20  0  0  0   8 20  0  0  0  1152
MatAssemblyBegin      25 1.0 4.2439e-05 1.0 0.00e+00 0.0 0.0e+00 0.0e+00 0.0e+00  0  0  0  0  0   0  0  0  0  0     0
MatAssemblyEnd        25 1.0 7.7671e-02 1.0 0.00e+00 0.0 0.0e+00 0.0e+00 0.0e+00  0  0  0  0  0   0  0  0  0  0     0
MatGetRow            128 1.0 1.0014e-05 1.0 0.00e+00 0.0 0.0e+00 0.0e+00 0.0e+00  0  0  0  0  0   0  0  0  0  0     0
MatLoad               25 1.0 2.7452e+00 1.0 0.00e+00 0.0 0.0e+00 0.0e+00 5.0e+01  0  0  0  0 20   0  0  0  0 20     0
MatAXPY            57600 1.0 2.9024e+02 1.0 0.00e+00 0.0 0.0e+00 0.0e+00 0.0e+00 15  0  0  0  0  15  0  0  0  0     0
VecView                2 1.0 1.7552e-03 1.0 0.00e+00 0.0 0.0e+00 0.0e+00 0.0e+00  0  0  0  0  0   0  0  0  0  0     0
VecNorm               20 1.0 1.0395e-03 1.0 4.22e+06 1.0 0.0e+00 0.0e+00 2.0e+01  0  0  0  0  8   0  0  0  0  8  4060
VecScale          115280 1.0 1.1235e-01 1.0 1.28e+08 1.0 0.0e+00 0.0e+00 0.0e+00  0  0  0  0  0   0  0  0  0  0  1141
VecCopy           172910 1.0 9.4920e+00 1.0 0.00e+00 0.0 0.0e+00 0.0e+00 0.0e+00  0  0  0  0  0   0  0  0  0  0     0
VecSet             28855 1.0 3.3724e+00 1.0 0.00e+00 0.0 0.0e+00 0.0e+00 0.0e+00  0  0  0  0  0   0  0  0  0  0     0
VecAXPY           172890 1.0 5.5971e+00 1.0 6.34e+09 1.0 0.0e+00 0.0e+00 0.0e+00  0  1  0  0  0   0  1  0  0  0  1132
VecAssemblyBegin      50 1.0 2.4056e-04 1.0 0.00e+00 0.0 0.0e+00 0.0e+00 1.5e+02  0  0  0  0 58   0  0  0  0 58     0
VecAssemblyEnd        50 1.0 2.8849e-05 1.0 0.00e+00 0.0 0.0e+00 0.0e+00 0.0e+00  0  0  0  0  0   0  0  0  0  0     0
VecPointwiseMult      10 1.0 1.5903e-03 1.0 1.05e+06 1.0 0.0e+00 0.0e+00 0.0e+00  0  0  0  0  0   0  0  0  0  0   663
VecLoad               16 1.0 2.7283e-01 1.0 0.00e+00 0.0 0.0e+00 0.0e+00 4.5e+01  0  0  0  0 18   0  0  0  0 18     0
VecScatterBegin        2 1.0 1.6761e-04 1.0 0.00e+00 0.0 0.0e+00 0.0e+00 0.0e+00  0  0  0  0  0   0  0  0  0  0     0
BGCStep            28800 1.0 7.7715e+02 1.0 3.84e+08 1.0 0.0e+00 0.0e+00 0.0e+00 40  0  0  0  0  40  0  0  0  0     0
TimeStepPhi           10 1.0 1.9248e+03 1.0 8.76e+11 1.0 0.0e+00 0.0e+00 0.0e+00100100  0  0  0 100100  0  0  0   455
------------------------------------------------------------------------------------------------------------------------

Memory usage is given in bytes:

Object Type          Creations   Destructions     Memory  Descendants' Mem.
Reports information only for process 0.

--- Event Stage 0: Main Stage

              Matrix    27             27    970576572     0
              Viewer    44             43        30960     0
              Vector    55             55     19676784     0
      Vector Scatter     1              1          620     0
           Index Set     1              1          736     0
========================================================================================================================
Average time to get PetscTime(): 9.53674e-08
#PETSc Option Table entries:
-Metos3DBoundaryConditionCount 2
-Metos3DBoundaryConditionInputDirectory data/TMM/2.8/Forcing/BoundaryCondition/
-Metos3DBoundaryConditionName Latitude,IceCover
-Metos3DDebugLevel 1
-Metos3DDomainConditionCount 2
-Metos3DDomainConditionInputDirectory data/TMM/2.8/Forcing/DomainCondition/
-Metos3DDomainConditionName LayerDepth,LayerHeight
-Metos3DGeometryType Profile
-Metos3DIceCoverCount 12
-Metos3DIceCoverFileFormat fice_$02d.petsc
-Metos3DLatitudeCount 1
-Metos3DLatitudeFileFormat latitude.petsc
-Metos3DLayerDepthCount 1
-Metos3DLayerDepthFileFormat z.petsc
-Metos3DLayerHeightCount 1
-Metos3DLayerHeightFileFormat dz.petsc
-Metos3DMatrixCount 12
-Metos3DMatrixExplicitFileFormat Ae_$02d.petsc
-Metos3DMatrixImplicitFileFormat Ai_$02d.petsc
-Metos3DMatrixInputDirectory data/TMM/2.8/Transport/Matrix5_4/1dt/
-Metos3DParameterCount 7
-Metos3DParameterValue 0.5,2.0,0.67,0.5,30.0,0.02,0.858
-Metos3DProfileIndexEndFile gEndIndices.bin
-Metos3DProfileIndexStartFile gStartIndices.bin
-Metos3DProfileInputDirectory data/TMM/2.8/Geometry/
-Metos3DProfileMaskFile landSeaMask.petsc
-Metos3DProfileVolumeFile volumes.petsc
-Metos3DSolverType Spinup
-Metos3DSpinupCount 10
-Metos3DSpinupMonitor
-Metos3DTimeStep 0.0003472222222222
-Metos3DTimeStepCount 2880
-Metos3DTimeStepStart 0.0
-Metos3DTracerCount 2
-Metos3DTracerInitValue 2.17e+0,1.e-4
-Metos3DTracerOutputDirectory work/
-Metos3DTracerOutputFile profile.PO4.petsc,profile.DOP.petsc
-Metos3DTransportType Matrix
-log_summary
#End of PETSc Option Table entries
Compiled without FORTRAN kernels
Compiled with full precision matrices (default)
sizeof(short) 2 sizeof(int) 4 sizeof(long) 8 sizeof(void*) 8 sizeof(PetscScalar) 8 sizeof(PetscInt) 4
Configure run at: Thu Dec 18 09:45:10 2014
Configure options: PETSC_DIR=/sfs/fs3/sw/petsc/petsc-3.3-p4 PETSC_ARCH=linux-intel-opt --with-gnu-compilers=0 --with-c++-support=1 --with-c-support=1 --with-fortran=1 --CXX=mpiicpc --CC=mpiicc --FC=mpiifort --with-blas-lapack-dir=/opt/intel/mkl/lib/intel64 --with-debugging=0
-----------------------------------------
Libraries compiled on Thu Dec 18 09:45:10 2014 on nesh-fe2 
Machine characteristics: Linux-2.6.32-358.18.1.el6.x86_64-x86_64-with-redhat-6.4-Santiago
Using PETSc directory: /sfs/fs3/sw/petsc/petsc-3.3-p4
Using PETSc arch: linux-intel-opt
-----------------------------------------

Using C compiler: mpiicc  -wd1572 -O3  ${COPTFLAGS} ${CFLAGS}
Using Fortran compiler: mpiifort  -O3   ${FOPTFLAGS} ${FFLAGS} 
-----------------------------------------

Using include paths: -I/sfs/fs3/sw/petsc/petsc-3.3-p4/linux-intel-opt/include -I/sfs/fs3/sw/petsc/petsc-3.3-p4/include -I/sfs/fs3/sw/petsc/petsc-3.3-p4/include -I/sfs/fs3/sw/petsc/petsc-3.3-p4/linux-intel-opt/include -I/opt/intel//impi/4.1.1.036/intel64/include
-----------------------------------------

Using C linker: mpiicc
Using Fortran linker: mpiifort
Using libraries: -Wl,-rpath,/sfs/fs3/sw/petsc/petsc-3.3-p4/linux-intel-opt/lib -L/sfs/fs3/sw/petsc/petsc-3.3-p4/linux-intel-opt/lib -lpetsc -lX11 -lpthread -Wl,-rpath,/opt/intel/mkl/lib/intel64 -L/opt/intel/mkl/lib/intel64 -lmkl_intel_lp64 -lmkl_intel_thread -lmkl_core -liomp5 -lpthread -L/opt/intel/impi/4.1.1.036/intel64/lib -L/opt/intel/composer_xe_2013_sp1.0.080/compiler/lib/intel64 -L/opt/intel/composer_xe_2013_sp1.0.080/ipp/lib/intel64 -L/opt/intel/composer_xe_2013_sp1.0.080/mkl/lib/intel64 -L/opt/intel/composer_xe_2013_sp1.0.080/tbb/lib/intel64/gcc4.4 -L/usr/lib/gcc/x86_64-redhat-linux/4.4.7 -Wl,-rpath,/sfs/fs3/sw/petsc/petsc-3.3-p4/-Xlinker -Wl,-rpath,/opt/intel/impi/4.1.1.036/intel64/lib -Wl,-rpath,/opt/intel/mpi-rt/4.1 -lifport -lifcore -lm -lm -lmpigc4 -ldl -lmpigf -lmpi -lmpigi -lrt -lpthread -limf -lsvml -lirng -lipgo -ldecimal -lcilkrts -lstdc++ -lgcc_s -lirc -lirc_s -ldl 
-----------------------------------------

